{"C:\\Users\\Jarum\\UrbanPulse\\frontend\\app\\error.tsx": {"path":"C:\\Users\\Jarum\\UrbanPulse\\frontend\\app\\error.tsx","statementMap":{"0":{"start":{"line":11,"column":24},"end":{"line":11,"column":34}},"1":{"start":{"line":3,"column":17},"end":{"line":3,"column":null}},"2":{"start":{"line":4,"column":26},"end":{"line":4,"column":null}},"3":{"start":{"line":12,"column":2},"end":{"line":14,"column":null}},"4":{"start":{"line":13,"column":4},"end":{"line":13,"column":null}},"5":{"start":{"line":36,"column":29},"end":{"line":36,"column":null}}},"fnMap":{"0":{"name":"ErrorPage","decl":{"start":{"line":11,"column":24},"end":{"line":11,"column":34}},"loc":{"start":{"line":11,"column":66},"end":{"line":59,"column":null}}},"1":{"name":"(anonymous_3)","decl":{"start":{"line":12,"column":12},"end":{"line":12,"column":null}},"loc":{"start":{"line":12,"column":12},"end":{"line":14,"column":5}}},"2":{"name":"(anonymous_4)","decl":{"start":{"line":36,"column":23},"end":{"line":36,"column":29}},"loc":{"start":{"line":36,"column":29},"end":{"line":36,"column":null}}}},"branchMap":{"0":{"loc":{"start":{"line":50,"column":11},"end":{"line":54,"column":null}},"type":"cond-expr","locations":[{"start":{"line":51,"column":12},"end":{"line":54,"column":null}},{"start":{"line":54,"column":14},"end":{"line":54,"column":null}}]}},"s":{"0":0,"1":0,"2":0,"3":0,"4":0,"5":0},"f":{"0":0,"1":0,"2":0},"b":{"0":[0,0]}}
,"C:\\Users\\Jarum\\UrbanPulse\\frontend\\app\\layout.tsx": {"path":"C:\\Users\\Jarum\\UrbanPulse\\frontend\\app\\layout.tsx","statementMap":{"0":{"start":{"line":11,"column":24},"end":{"line":11,"column":35}},"1":{"start":{"line":6,"column":13},"end":{"line":6,"column":21}},"2":{"start":{"line":1,"column":7},"end":{"line":1,"column":null}},"3":{"start":{"line":2,"column":23},"end":{"line":2,"column":null}},"4":{"start":{"line":3,"column":27},"end":{"line":3,"column":null}},"5":{"start":{"line":6,"column":24},"end":{"line":9,"column":null}}},"fnMap":{"0":{"name":"RootLayout","decl":{"start":{"line":11,"column":24},"end":{"line":11,"column":35}},"loc":{"start":{"line":15,"column":1},"end":{"line":60,"column":1}}}},"branchMap":{},"s":{"0":0,"1":0,"2":0,"3":0,"4":0,"5":0},"f":{"0":0},"b":{}}
,"C:\\Users\\Jarum\\UrbanPulse\\frontend\\app\\not-found.tsx": {"path":"C:\\Users\\Jarum\\UrbanPulse\\frontend\\app\\not-found.tsx","statementMap":{"0":{"start":{"line":1,"column":24},"end":{"line":1,"column":null}}},"fnMap":{"0":{"name":"NotFound","decl":{"start":{"line":1,"column":24},"end":{"line":1,"column":null}},"loc":{"start":{"line":1,"column":24},"end":{"line":8,"column":null}}}},"branchMap":{},"s":{"0":0},"f":{"0":0},"b":{}}
,"C:\\Users\\Jarum\\UrbanPulse\\frontend\\app\\page.tsx": {"path":"C:\\Users\\Jarum\\UrbanPulse\\frontend\\app\\page.tsx","statementMap":{"0":{"start":{"line":3,"column":24},"end":{"line":3,"column":null}},"1":{"start":{"line":1,"column":24},"end":{"line":1,"column":null}},"2":{"start":{"line":4,"column":2},"end":{"line":4,"column":null}}},"fnMap":{"0":{"name":"IndexWireframePage","decl":{"start":{"line":3,"column":24},"end":{"line":3,"column":null}},"loc":{"start":{"line":3,"column":24},"end":{"line":5,"column":null}}}},"branchMap":{},"s":{"0":0,"1":0,"2":0},"f":{"0":0},"b":{}}
,"C:\\Users\\Jarum\\UrbanPulse\\frontend\\app\\admin\\dashboard\\page.tsx": {"path":"C:\\Users\\Jarum\\UrbanPulse\\frontend\\app\\admin\\dashboard\\page.tsx","statementMap":{"0":{"start":{"line":1,"column":24},"end":{"line":1,"column":null}}},"fnMap":{"0":{"name":"AdminDashboardPage","decl":{"start":{"line":1,"column":24},"end":{"line":1,"column":null}},"loc":{"start":{"line":1,"column":24},"end":{"line":8,"column":null}}}},"branchMap":{},"s":{"0":0},"f":{"0":0},"b":{}}
,"C:\\Users\\Jarum\\UrbanPulse\\frontend\\app\\admin\\moderation\\page.tsx": {"path":"C:\\Users\\Jarum\\UrbanPulse\\frontend\\app\\admin\\moderation\\page.tsx","statementMap":{"0":{"start":{"line":1,"column":24},"end":{"line":1,"column":null}}},"fnMap":{"0":{"name":"AdminModerationPage","decl":{"start":{"line":1,"column":24},"end":{"line":1,"column":null}},"loc":{"start":{"line":1,"column":24},"end":{"line":8,"column":null}}}},"branchMap":{},"s":{"0":0},"f":{"0":0},"b":{}}
,"C:\\Users\\Jarum\\UrbanPulse\\frontend\\app\\api\\auth\\login\\route.ts": {"path":"C:\\Users\\Jarum\\UrbanPulse\\frontend\\app\\api\\auth\\login\\route.ts","statementMap":{"0":{"start":{"line":8,"column":22},"end":{"line":8,"column":26}},"1":{"start":{"line":6,"column":13},"end":{"line":6,"column":20}},"2":{"start":{"line":1,"column":42},"end":{"line":1,"column":null}},"3":{"start":{"line":2,"column":23},"end":{"line":2,"column":null}},"4":{"start":{"line":3,"column":32},"end":{"line":3,"column":null}},"5":{"start":{"line":4,"column":64},"end":{"line":4,"column":null}},"6":{"start":{"line":6,"column":23},"end":{"line":6,"column":null}},"7":{"start":{"line":9,"column":4},"end":{"line":92,"column":null}},"8":{"start":{"line":11,"column":21},"end":{"line":11,"column":null}},"9":{"start":{"line":12,"column":36},"end":{"line":12,"column":null}},"10":{"start":{"line":14,"column":8},"end":{"line":19,"column":null}},"11":{"start":{"line":15,"column":12},"end":{"line":17,"column":null}},"12":{"start":{"line":22,"column":21},"end":{"line":24,"column":null}},"13":{"start":{"line":26,"column":8},"end":{"line":31,"column":null}},"14":{"start":{"line":27,"column":12},"end":{"line":29,"column":null}},"15":{"start":{"line":34,"column":32},"end":{"line":34,"column":null}},"16":{"start":{"line":36,"column":8},"end":{"line":41,"column":null}},"17":{"start":{"line":37,"column":12},"end":{"line":39,"column":null}},"18":{"start":{"line":44,"column":43},"end":{"line":48,"column":null}},"19":{"start":{"line":50,"column":28},"end":{"line":50,"column":null}},"20":{"start":{"line":51,"column":29},"end":{"line":51,"column":null}},"21":{"start":{"line":54,"column":25},"end":{"line":64,"column":null}},"22":{"start":{"line":68,"column":8},"end":{"line":74,"column":null}},"23":{"start":{"line":77,"column":8},"end":{"line":83,"column":null}},"24":{"start":{"line":85,"column":8},"end":{"line":85,"column":null}},"25":{"start":{"line":87,"column":8},"end":{"line":87,"column":null}},"26":{"start":{"line":88,"column":8},"end":{"line":90,"column":null}}},"fnMap":{"0":{"name":"POST","decl":{"start":{"line":8,"column":22},"end":{"line":8,"column":26}},"loc":{"start":{"line":8,"column":47},"end":{"line":93,"column":null}}}},"branchMap":{"0":{"loc":{"start":{"line":14,"column":8},"end":{"line":19,"column":null}},"type":"if","locations":[{"start":{"line":14,"column":8},"end":{"line":19,"column":null}}]},"1":{"loc":{"start":{"line":14,"column":12},"end":{"line":14,"column":33}},"type":"binary-expr","locations":[{"start":{"line":14,"column":12},"end":{"line":14,"column":22}},{"start":{"line":14,"column":22},"end":{"line":14,"column":33}}]},"2":{"loc":{"start":{"line":26,"column":8},"end":{"line":31,"column":null}},"type":"if","locations":[{"start":{"line":26,"column":8},"end":{"line":31,"column":null}}]},"3":{"loc":{"start":{"line":36,"column":8},"end":{"line":41,"column":null}},"type":"if","locations":[{"start":{"line":36,"column":8},"end":{"line":41,"column":null}}]}},"s":{"0":0,"1":0,"2":0,"3":0,"4":0,"5":0,"6":0,"7":0,"8":0,"9":0,"10":0,"11":0,"12":0,"13":0,"14":0,"15":0,"16":0,"17":0,"18":0,"19":0,"20":0,"21":0,"22":0,"23":0,"24":0,"25":0,"26":0},"f":{"0":0},"b":{"0":[0],"1":[0,0],"2":[0],"3":[0]}}
,"C:\\Users\\Jarum\\UrbanPulse\\frontend\\app\\api\\auth\\register\\route.ts": {"path":"C:\\Users\\Jarum\\UrbanPulse\\frontend\\app\\api\\auth\\register\\route.ts","statementMap":{"0":{"start":{"line":8,"column":22},"end":{"line":8,"column":26}},"1":{"start":{"line":6,"column":13},"end":{"line":6,"column":20}},"2":{"start":{"line":1,"column":42},"end":{"line":1,"column":null}},"3":{"start":{"line":2,"column":23},"end":{"line":2,"column":null}},"4":{"start":{"line":3,"column":29},"end":{"line":3,"column":null}},"5":{"start":{"line":4,"column":64},"end":{"line":4,"column":null}},"6":{"start":{"line":6,"column":23},"end":{"line":6,"column":null}},"7":{"start":{"line":9,"column":4},"end":{"line":118,"column":null}},"8":{"start":{"line":11,"column":21},"end":{"line":11,"column":null}},"9":{"start":{"line":12,"column":42},"end":{"line":12,"column":null}},"10":{"start":{"line":14,"column":8},"end":{"line":19,"column":null}},"11":{"start":{"line":15,"column":12},"end":{"line":17,"column":null}},"12":{"start":{"line":22,"column":27},"end":{"line":22,"column":null}},"13":{"start":{"line":23,"column":8},"end":{"line":28,"column":null}},"14":{"start":{"line":24,"column":12},"end":{"line":26,"column":null}},"15":{"start":{"line":31,"column":8},"end":{"line":36,"column":null}},"16":{"start":{"line":32,"column":12},"end":{"line":34,"column":null}},"17":{"start":{"line":39,"column":29},"end":{"line":41,"column":null}},"18":{"start":{"line":43,"column":8},"end":{"line":48,"column":null}},"19":{"start":{"line":44,"column":12},"end":{"line":46,"column":null}},"20":{"start":{"line":51,"column":31},"end":{"line":51,"column":null}},"21":{"start":{"line":53,"column":21},"end":{"line":67,"column":null}},"22":{"start":{"line":70,"column":43},"end":{"line":74,"column":null}},"23":{"start":{"line":76,"column":28},"end":{"line":76,"column":null}},"24":{"start":{"line":77,"column":29},"end":{"line":77,"column":null}},"25":{"start":{"line":80,"column":25},"end":{"line":90,"column":null}},"26":{"start":{"line":94,"column":8},"end":{"line":100,"column":null}},"27":{"start":{"line":103,"column":8},"end":{"line":109,"column":null}},"28":{"start":{"line":111,"column":8},"end":{"line":111,"column":null}},"29":{"start":{"line":113,"column":8},"end":{"line":113,"column":null}},"30":{"start":{"line":114,"column":8},"end":{"line":116,"column":null}}},"fnMap":{"0":{"name":"POST","decl":{"start":{"line":8,"column":22},"end":{"line":8,"column":26}},"loc":{"start":{"line":8,"column":47},"end":{"line":119,"column":null}}}},"branchMap":{"0":{"loc":{"start":{"line":14,"column":8},"end":{"line":19,"column":null}},"type":"if","locations":[{"start":{"line":14,"column":8},"end":{"line":19,"column":null}}]},"1":{"loc":{"start":{"line":14,"column":12},"end":{"line":14,"column":42}},"type":"binary-expr","locations":[{"start":{"line":14,"column":12},"end":{"line":14,"column":22}},{"start":{"line":14,"column":22},"end":{"line":14,"column":31}},{"start":{"line":14,"column":31},"end":{"line":14,"column":42}}]},"2":{"loc":{"start":{"line":23,"column":8},"end":{"line":28,"column":null}},"type":"if","locations":[{"start":{"line":23,"column":8},"end":{"line":28,"column":null}}]},"3":{"loc":{"start":{"line":31,"column":8},"end":{"line":36,"column":null}},"type":"if","locations":[{"start":{"line":31,"column":8},"end":{"line":36,"column":null}}]},"4":{"loc":{"start":{"line":43,"column":8},"end":{"line":48,"column":null}},"type":"if","locations":[{"start":{"line":43,"column":8},"end":{"line":48,"column":null}}]}},"s":{"0":0,"1":0,"2":0,"3":0,"4":0,"5":0,"6":0,"7":0,"8":0,"9":0,"10":0,"11":0,"12":0,"13":0,"14":0,"15":0,"16":0,"17":0,"18":0,"19":0,"20":0,"21":0,"22":0,"23":0,"24":0,"25":0,"26":0,"27":0,"28":0,"29":0,"30":0},"f":{"0":0},"b":{"0":[0],"1":[0,0,0],"2":[0],"3":[0],"4":[0]}}
,"C:\\Users\\Jarum\\UrbanPulse\\frontend\\app\\api\\reports\\route.ts": {"path":"C:\\Users\\Jarum\\UrbanPulse\\frontend\\app\\api\\reports\\route.ts","statementMap":{"0":{"start":{"line":7,"column":22},"end":{"line":7,"column":25}},"1":{"start":{"line":39,"column":22},"end":{"line":39,"column":26}},"2":{"start":{"line":5,"column":13},"end":{"line":5,"column":20}},"3":{"start":{"line":2,"column":29},"end":{"line":2,"column":null}},"4":{"start":{"line":3,"column":23},"end":{"line":3,"column":null}},"5":{"start":{"line":5,"column":23},"end":{"line":5,"column":null}},"6":{"start":{"line":8,"column":2},"end":{"line":36,"column":null}},"7":{"start":{"line":9,"column":20},"end":{"line":27,"column":null}},"8":{"start":{"line":29,"column":4},"end":{"line":29,"column":null}},"9":{"start":{"line":31,"column":4},"end":{"line":31,"column":null}},"10":{"start":{"line":32,"column":4},"end":{"line":34,"column":null}},"11":{"start":{"line":40,"column":2},"end":{"line":80,"column":null}},"12":{"start":{"line":41,"column":17},"end":{"line":41,"column":null}},"13":{"start":{"line":42,"column":65},"end":{"line":42,"column":null}},"14":{"start":{"line":44,"column":4},"end":{"line":49,"column":null}},"15":{"start":{"line":45,"column":6},"end":{"line":47,"column":null}},"16":{"start":{"line":52,"column":17},"end":{"line":54,"column":null}},"17":{"start":{"line":56,"column":4},"end":{"line":61,"column":null}},"18":{"start":{"line":57,"column":6},"end":{"line":59,"column":null}},"19":{"start":{"line":63,"column":19},"end":{"line":71,"column":null}},"20":{"start":{"line":73,"column":4},"end":{"line":73,"column":null}},"21":{"start":{"line":75,"column":4},"end":{"line":75,"column":null}},"22":{"start":{"line":76,"column":4},"end":{"line":78,"column":null}}},"fnMap":{"0":{"name":"GET","decl":{"start":{"line":7,"column":22},"end":{"line":7,"column":25}},"loc":{"start":{"line":7,"column":22},"end":{"line":37,"column":null}}},"1":{"name":"POST","decl":{"start":{"line":39,"column":22},"end":{"line":39,"column":26}},"loc":{"start":{"line":39,"column":43},"end":{"line":81,"column":null}}}},"branchMap":{"0":{"loc":{"start":{"line":44,"column":4},"end":{"line":49,"column":null}},"type":"if","locations":[{"start":{"line":44,"column":4},"end":{"line":49,"column":null}}]},"1":{"loc":{"start":{"line":44,"column":8},"end":{"line":44,"column":43}},"type":"binary-expr","locations":[{"start":{"line":44,"column":8},"end":{"line":44,"column":18}},{"start":{"line":44,"column":18},"end":{"line":44,"column":34}},{"start":{"line":44,"column":34},"end":{"line":44,"column":43}}]},"2":{"loc":{"start":{"line":56,"column":4},"end":{"line":61,"column":null}},"type":"if","locations":[{"start":{"line":56,"column":4},"end":{"line":61,"column":null}}]}},"s":{"0":0,"1":0,"2":0,"3":0,"4":0,"5":0,"6":0,"7":0,"8":0,"9":0,"10":0,"11":0,"12":0,"13":0,"14":0,"15":0,"16":0,"17":0,"18":0,"19":0,"20":0,"21":0,"22":0},"f":{"0":0,"1":0},"b":{"0":[0],"1":[0,0,0],"2":[0]}}
,"C:\\Users\\Jarum\\UrbanPulse\\frontend\\app\\api\\reports\\[id]\\route.ts": {"path":"C:\\Users\\Jarum\\UrbanPulse\\frontend\\app\\api\\reports\\[id]\\route.ts","statementMap":{"0":{"start":{"line":6,"column":22},"end":{"line":6,"column":25}},"1":{"start":{"line":4,"column":13},"end":{"line":4,"column":20}},"2":{"start":{"line":1,"column":29},"end":{"line":1,"column":null}},"3":{"start":{"line":2,"column":23},"end":{"line":2,"column":null}},"4":{"start":{"line":4,"column":23},"end":{"line":4,"column":null}},"5":{"start":{"line":10,"column":4},"end":{"line":59,"column":null}},"6":{"start":{"line":11,"column":23},"end":{"line":11,"column":null}},"7":{"start":{"line":13,"column":23},"end":{"line":43,"column":null}},"8":{"start":{"line":45,"column":8},"end":{"line":50,"column":null}},"9":{"start":{"line":46,"column":12},"end":{"line":48,"column":null}},"10":{"start":{"line":52,"column":8},"end":{"line":52,"column":null}},"11":{"start":{"line":54,"column":8},"end":{"line":54,"column":null}},"12":{"start":{"line":55,"column":8},"end":{"line":57,"column":null}}},"fnMap":{"0":{"name":"GET","decl":{"start":{"line":6,"column":22},"end":{"line":6,"column":25}},"loc":{"start":{"line":8,"column":42},"end":{"line":60,"column":null}}}},"branchMap":{"0":{"loc":{"start":{"line":45,"column":8},"end":{"line":50,"column":null}},"type":"if","locations":[{"start":{"line":45,"column":8},"end":{"line":50,"column":null}}]}},"s":{"0":0,"1":0,"2":0,"3":0,"4":0,"5":0,"6":0,"7":0,"8":0,"9":0,"10":0,"11":0,"12":0},"f":{"0":0},"b":{"0":[0]}}
,"C:\\Users\\Jarum\\UrbanPulse\\frontend\\app\\auth\\login\\page.tsx": {"path":"C:\\Users\\Jarum\\UrbanPulse\\frontend\\app\\auth\\login\\page.tsx","statementMap":{"0":{"start":{"line":3,"column":24},"end":{"line":3,"column":null}},"1":{"start":{"line":1,"column":22},"end":{"line":1,"column":null}},"2":{"start":{"line":4,"column":2},"end":{"line":4,"column":null}}},"fnMap":{"0":{"name":"AuthLoginPage","decl":{"start":{"line":3,"column":24},"end":{"line":3,"column":null}},"loc":{"start":{"line":3,"column":24},"end":{"line":5,"column":null}}}},"branchMap":{},"s":{"0":0,"1":0,"2":0},"f":{"0":0},"b":{}}
,"C:\\Users\\Jarum\\UrbanPulse\\frontend\\app\\auth\\register\\page.tsx": {"path":"C:\\Users\\Jarum\\UrbanPulse\\frontend\\app\\auth\\register\\page.tsx","statementMap":{"0":{"start":{"line":3,"column":24},"end":{"line":3,"column":null}},"1":{"start":{"line":1,"column":25},"end":{"line":1,"column":null}},"2":{"start":{"line":4,"column":2},"end":{"line":4,"column":null}}},"fnMap":{"0":{"name":"RegisterRoutePage","decl":{"start":{"line":3,"column":24},"end":{"line":3,"column":null}},"loc":{"start":{"line":3,"column":24},"end":{"line":5,"column":null}}}},"branchMap":{},"s":{"0":0,"1":0,"2":0},"f":{"0":0},"b":{}}
,"C:\\Users\\Jarum\\UrbanPulse\\frontend\\app\\auth\\register\\complete\\page.tsx": {"path":"C:\\Users\\Jarum\\UrbanPulse\\frontend\\app\\auth\\register\\complete\\page.tsx","statementMap":{"0":{"start":{"line":3,"column":24},"end":{"line":3,"column":null}},"1":{"start":{"line":1,"column":33},"end":{"line":1,"column":null}},"2":{"start":{"line":4,"column":2},"end":{"line":4,"column":null}}},"fnMap":{"0":{"name":"RegisterCompleteRoutePage","decl":{"start":{"line":3,"column":24},"end":{"line":3,"column":null}},"loc":{"start":{"line":3,"column":24},"end":{"line":5,"column":null}}}},"branchMap":{},"s":{"0":0,"1":0,"2":0},"f":{"0":0},"b":{}}
,"C:\\Users\\Jarum\\UrbanPulse\\frontend\\app\\auth\\register\\simple\\page.tsx": {"path":"C:\\Users\\Jarum\\UrbanPulse\\frontend\\app\\auth\\register\\simple\\page.tsx","statementMap":{"0":{"start":{"line":3,"column":24},"end":{"line":3,"column":null}},"1":{"start":{"line":1,"column":31},"end":{"line":1,"column":null}},"2":{"start":{"line":4,"column":2},"end":{"line":4,"column":null}}},"fnMap":{"0":{"name":"RegisterSimpleRoutePage","decl":{"start":{"line":3,"column":24},"end":{"line":3,"column":null}},"loc":{"start":{"line":3,"column":24},"end":{"line":5,"column":null}}}},"branchMap":{},"s":{"0":0,"1":0,"2":0},"f":{"0":0},"b":{}}
,"C:\\Users\\Jarum\\UrbanPulse\\frontend\\app\\dashboard\\create-report\\page.tsx": {"path":"C:\\Users\\Jarum\\UrbanPulse\\frontend\\app\\dashboard\\create-report\\page.tsx","statementMap":{"0":{"start":{"line":24,"column":24},"end":{"line":24,"column":null}},"1":{"start":{"line":19,"column":13},"end":{"line":19,"column":21}},"2":{"start":{"line":1,"column":42},"end":{"line":1,"column":null}},"3":{"start":{"line":2,"column":29},"end":{"line":2,"column":null}},"4":{"start":{"line":3,"column":31},"end":{"line":3,"column":null}},"5":{"start":{"line":4,"column":31},"end":{"line":4,"column":null}},"6":{"start":{"line":5,"column":19},"end":{"line":5,"column":null}},"7":{"start":{"line":7,"column":18},"end":{"line":11,"column":null}},"8":{"start":{"line":13,"column":20},"end":{"line":17,"column":null}},"9":{"start":{"line":19,"column":24},"end":{"line":22,"column":null}}},"fnMap":{"0":{"name":"CreateReportPage","decl":{"start":{"line":24,"column":24},"end":{"line":24,"column":null}},"loc":{"start":{"line":24,"column":24},"end":{"line":32,"column":1}}}},"branchMap":{},"s":{"0":0,"1":0,"2":0,"3":0,"4":0,"5":0,"6":0,"7":0,"8":0,"9":0},"f":{"0":0},"b":{}}
,"C:\\Users\\Jarum\\UrbanPulse\\frontend\\app\\dashboard\\home\\page.tsx": {"path":"C:\\Users\\Jarum\\UrbanPulse\\frontend\\app\\dashboard\\home\\page.tsx","statementMap":{"0":{"start":{"line":1,"column":24},"end":{"line":1,"column":null}}},"fnMap":{"0":{"name":"DashboardHomePage","decl":{"start":{"line":1,"column":24},"end":{"line":1,"column":null}},"loc":{"start":{"line":1,"column":24},"end":{"line":3,"column":null}}}},"branchMap":{},"s":{"0":0},"f":{"0":0},"b":{}}
,"C:\\Users\\Jarum\\UrbanPulse\\frontend\\app\\dashboard\\profile\\page.tsx": {"path":"C:\\Users\\Jarum\\UrbanPulse\\frontend\\app\\dashboard\\profile\\page.tsx","statementMap":{"0":{"start":{"line":1,"column":24},"end":{"line":1,"column":null}}},"fnMap":{"0":{"name":"DashboardProfilePage","decl":{"start":{"line":1,"column":24},"end":{"line":1,"column":null}},"loc":{"start":{"line":1,"column":24},"end":{"line":3,"column":null}}}},"branchMap":{},"s":{"0":0},"f":{"0":0},"b":{}}
,"C:\\Users\\Jarum\\UrbanPulse\\frontend\\app\\public\\explore\\page.tsx": {"path":"C:\\Users\\Jarum\\UrbanPulse\\frontend\\app\\public\\explore\\page.tsx","statementMap":{"0":{"start":{"line":3,"column":24},"end":{"line":3,"column":null}},"1":{"start":{"line":1,"column":24},"end":{"line":1,"column":null}},"2":{"start":{"line":4,"column":2},"end":{"line":4,"column":null}}},"fnMap":{"0":{"name":"ExploreRoutePage","decl":{"start":{"line":3,"column":24},"end":{"line":3,"column":null}},"loc":{"start":{"line":3,"column":24},"end":{"line":5,"column":null}}}},"branchMap":{},"s":{"0":0,"1":0,"2":0},"f":{"0":0},"b":{}}
,"C:\\Users\\Jarum\\UrbanPulse\\frontend\\app\\public\\explore\\detail\\page.tsx": {"path":"C:\\Users\\Jarum\\UrbanPulse\\frontend\\app\\public\\explore\\detail\\page.tsx","statementMap":{"0":{"start":{"line":3,"column":24},"end":{"line":3,"column":null}},"1":{"start":{"line":1,"column":30},"end":{"line":1,"column":null}},"2":{"start":{"line":4,"column":2},"end":{"line":4,"column":null}}},"fnMap":{"0":{"name":"ExploreDetailRoutePage","decl":{"start":{"line":3,"column":24},"end":{"line":3,"column":null}},"loc":{"start":{"line":3,"column":24},"end":{"line":5,"column":null}}}},"branchMap":{},"s":{"0":0,"1":0,"2":0},"f":{"0":0},"b":{}}
,"C:\\Users\\Jarum\\UrbanPulse\\frontend\\app\\public\\index-wireframe\\page.tsx": {"path":"C:\\Users\\Jarum\\UrbanPulse\\frontend\\app\\public\\index-wireframe\\page.tsx","statementMap":{"0":{"start":{"line":3,"column":24},"end":{"line":3,"column":null}},"1":{"start":{"line":1,"column":24},"end":{"line":1,"column":null}},"2":{"start":{"line":4,"column":2},"end":{"line":4,"column":null}}},"fnMap":{"0":{"name":"IndexWireframePage","decl":{"start":{"line":3,"column":24},"end":{"line":3,"column":null}},"loc":{"start":{"line":3,"column":24},"end":{"line":5,"column":null}}}},"branchMap":{},"s":{"0":0,"1":0,"2":0},"f":{"0":0},"b":{}}
,"C:\\Users\\Jarum\\UrbanPulse\\frontend\\components\\forms\\LoginForm.tsx": {"path":"C:\\Users\\Jarum\\UrbanPulse\\frontend\\components\\forms\\LoginForm.tsx","statementMap":{"0":{"start":{"line":5,"column":16},"end":{"line":5,"column":null}},"1":{"start":{"line":3,"column":25},"end":{"line":3,"column":null}},"2":{"start":{"line":6,"column":28},"end":{"line":6,"column":null}},"3":{"start":{"line":7,"column":34},"end":{"line":7,"column":null}},"4":{"start":{"line":8,"column":28},"end":{"line":8,"column":null}},"5":{"start":{"line":10,"column":23},"end":{"line":20,"column":null}},"6":{"start":{"line":11,"column":4},"end":{"line":11,"column":null}},"7":{"start":{"line":13,"column":4},"end":{"line":16,"column":null}},"8":{"start":{"line":14,"column":6},"end":{"line":14,"column":null}},"9":{"start":{"line":15,"column":6},"end":{"line":15,"column":null}},"10":{"start":{"line":18,"column":4},"end":{"line":18,"column":null}},"11":{"start":{"line":19,"column":4},"end":{"line":19,"column":null}},"12":{"start":{"line":32,"column":27},"end":{"line":32,"column":null}},"13":{"start":{"line":42,"column":27},"end":{"line":42,"column":null}}},"fnMap":{"0":{"name":"LoginForm","decl":{"start":{"line":5,"column":16},"end":{"line":5,"column":null}},"loc":{"start":{"line":5,"column":16},"end":{"line":51,"column":null}}},"1":{"name":"(anonymous_2)","decl":{"start":{"line":10,"column":23},"end":{"line":10,"column":24}},"loc":{"start":{"line":10,"column":24},"end":{"line":20,"column":null}}},"2":{"name":"(anonymous_3)","decl":{"start":{"line":32,"column":20},"end":{"line":32,"column":21}},"loc":{"start":{"line":32,"column":27},"end":{"line":32,"column":null}}},"3":{"name":"(anonymous_4)","decl":{"start":{"line":42,"column":20},"end":{"line":42,"column":21}},"loc":{"start":{"line":42,"column":27},"end":{"line":42,"column":null}}}},"branchMap":{"0":{"loc":{"start":{"line":13,"column":4},"end":{"line":16,"column":null}},"type":"if","locations":[{"start":{"line":13,"column":4},"end":{"line":16,"column":null}}]},"1":{"loc":{"start":{"line":13,"column":8},"end":{"line":13,"column":29}},"type":"binary-expr","locations":[{"start":{"line":13,"column":8},"end":{"line":13,"column":18}},{"start":{"line":13,"column":18},"end":{"line":13,"column":29}}]},"2":{"loc":{"start":{"line":46,"column":7},"end":{"line":46,"column":16}},"type":"binary-expr","locations":[{"start":{"line":46,"column":7},"end":{"line":46,"column":16}}]}},"s":{"0":1,"1":1,"2":1,"3":1,"4":1,"5":1,"6":0,"7":0,"8":0,"9":0,"10":0,"11":0,"12":0,"13":0},"f":{"0":1,"1":0,"2":0,"3":0},"b":{"0":[0],"1":[0,0],"2":[1]}}
,"C:\\Users\\Jarum\\UrbanPulse\\frontend\\components\\forms\\ReportForm.tsx": {"path":"C:\\Users\\Jarum\\UrbanPulse\\frontend\\components\\forms\\ReportForm.tsx","statementMap":{"0":{"start":{"line":3,"column":24},"end":{"line":3,"column":null}},"1":{"start":{"line":2,"column":25},"end":{"line":2,"column":null}},"2":{"start":{"line":4,"column":34},"end":{"line":8,"column":null}},"3":{"start":{"line":9,"column":23},"end":{"line":13,"column":null}},"4":{"start":{"line":10,"column":4},"end":{"line":10,"column":null}},"5":{"start":{"line":11,"column":4},"end":{"line":11,"column":null}},"6":{"start":{"line":14,"column":23},"end":{"line":16,"column":null}},"7":{"start":{"line":15,"column":4},"end":{"line":15,"column":null}},"8":{"start":{"line":15,"column":25},"end":{"line":15,"column":null}},"9":{"start":{"line":25,"column":27},"end":{"line":25,"column":null}},"10":{"start":{"line":37,"column":27},"end":{"line":37,"column":null}},"11":{"start":{"line":50,"column":27},"end":{"line":50,"column":null}}},"fnMap":{"0":{"name":"ReportForm","decl":{"start":{"line":3,"column":24},"end":{"line":3,"column":null}},"loc":{"start":{"line":3,"column":24},"end":{"line":61,"column":null}}},"1":{"name":"(anonymous_2)","decl":{"start":{"line":9,"column":23},"end":{"line":9,"column":24}},"loc":{"start":{"line":9,"column":24},"end":{"line":13,"column":null}}},"2":{"name":"(anonymous_3)","decl":{"start":{"line":14,"column":23},"end":{"line":14,"column":24}},"loc":{"start":{"line":14,"column":39},"end":{"line":16,"column":null}}},"3":{"name":"(anonymous_4)","decl":{"start":{"line":15,"column":16},"end":{"line":15,"column":25}},"loc":{"start":{"line":15,"column":25},"end":{"line":15,"column":null}}},"4":{"name":"(anonymous_5)","decl":{"start":{"line":25,"column":20},"end":{"line":25,"column":21}},"loc":{"start":{"line":25,"column":27},"end":{"line":25,"column":null}}},"5":{"name":"(anonymous_6)","decl":{"start":{"line":37,"column":20},"end":{"line":37,"column":21}},"loc":{"start":{"line":37,"column":27},"end":{"line":37,"column":null}}},"6":{"name":"(anonymous_7)","decl":{"start":{"line":50,"column":20},"end":{"line":50,"column":21}},"loc":{"start":{"line":50,"column":27},"end":{"line":50,"column":null}}}},"branchMap":{},"s":{"0":8,"1":1,"2":109,"3":109,"4":1,"5":1,"6":109,"7":101,"8":101,"9":31,"10":41,"11":29},"f":{"0":109,"1":1,"2":101,"3":101,"4":31,"5":41,"6":29},"b":{}}
,"C:\\Users\\Jarum\\UrbanPulse\\frontend\\components\\layout\\Breadcrumb.tsx": {"path":"C:\\Users\\Jarum\\UrbanPulse\\frontend\\components\\layout\\Breadcrumb.tsx","statementMap":{"0":{"start":{"line":54,"column":16},"end":{"line":54,"column":27}},"1":{"start":{"line":2,"column":17},"end":{"line":2,"column":null}},"2":{"start":{"line":3,"column":28},"end":{"line":3,"column":null}},"3":{"start":{"line":10,"column":44},"end":{"line":27,"column":null}},"4":{"start":{"line":30,"column":2},"end":{"line":32,"column":null}},"5":{"start":{"line":31,"column":4},"end":{"line":31,"column":null}},"6":{"start":{"line":34,"column":16},"end":{"line":34,"column":null}},"7":{"start":{"line":35,"column":34},"end":{"line":35,"column":null}},"8":{"start":{"line":37,"column":20},"end":{"line":37,"column":null}},"9":{"start":{"line":38,"column":2},"end":{"line":42,"column":null}},"10":{"start":{"line":39,"column":4},"end":{"line":39,"column":null}},"11":{"start":{"line":40,"column":18},"end":{"line":40,"column":null}},"12":{"start":{"line":41,"column":4},"end":{"line":41,"column":null}},"13":{"start":{"line":44,"column":2},"end":{"line":44,"column":null}},"14":{"start":{"line":48,"column":2},"end":{"line":51,"column":null}},"15":{"start":{"line":50,"column":19},"end":{"line":50,"column":null}},"16":{"start":{"line":55,"column":19},"end":{"line":55,"column":null}},"17":{"start":{"line":56,"column":26},"end":{"line":56,"column":null}},"18":{"start":{"line":58,"column":2},"end":{"line":60,"column":null}},"19":{"start":{"line":59,"column":4},"end":{"line":59,"column":null}},"20":{"start":{"line":66,"column":25},"end":{"line":66,"column":null}},"21":{"start":{"line":68,"column":10},"end":{"line":69,"column":28}}},"fnMap":{"0":{"name":"generateBreadcrumbsFromPathname","decl":{"start":{"line":29,"column":9},"end":{"line":29,"column":41}},"loc":{"start":{"line":29,"column":57},"end":{"line":45,"column":null}}},"1":{"name":"(anonymous_3)","decl":{"start":{"line":38,"column":16},"end":{"line":38,"column":17}},"loc":{"start":{"line":38,"column":17},"end":{"line":42,"column":null}}},"2":{"name":"formatPathToLabel","decl":{"start":{"line":47,"column":9},"end":{"line":47,"column":27}},"loc":{"start":{"line":47,"column":39},"end":{"line":52,"column":null}}},"3":{"name":"(anonymous_5)","decl":{"start":{"line":50,"column":9},"end":{"line":50,"column":10}},"loc":{"start":{"line":50,"column":19},"end":{"line":50,"column":null}}},"4":{"name":"Breadcrumb","decl":{"start":{"line":54,"column":16},"end":{"line":54,"column":27}},"loc":{"start":{"line":54,"column":66},"end":{"line":116,"column":null}}},"5":{"name":"(anonymous_7)","decl":{"start":{"line":65,"column":29},"end":{"line":65,"column":30}},"loc":{"start":{"line":65,"column":36},"end":{"line":112,"column":null}}}},"branchMap":{"0":{"loc":{"start":{"line":30,"column":2},"end":{"line":32,"column":null}},"type":"if","locations":[{"start":{"line":30,"column":2},"end":{"line":32,"column":null}}]},"1":{"loc":{"start":{"line":30,"column":6},"end":{"line":30,"column":37}},"type":"binary-expr","locations":[{"start":{"line":30,"column":6},"end":{"line":30,"column":19}},{"start":{"line":30,"column":19},"end":{"line":30,"column":37}}]},"2":{"loc":{"start":{"line":40,"column":18},"end":{"line":40,"column":null}},"type":"binary-expr","locations":[{"start":{"line":40,"column":18},"end":{"line":40,"column":42}},{"start":{"line":40,"column":46},"end":{"line":40,"column":null}}]},"3":{"loc":{"start":{"line":56,"column":26},"end":{"line":56,"column":null}},"type":"binary-expr","locations":[{"start":{"line":56,"column":26},"end":{"line":56,"column":35}},{"start":{"line":56,"column":35},"end":{"line":56,"column":null}}]},"4":{"loc":{"start":{"line":58,"column":2},"end":{"line":60,"column":null}},"type":"if","locations":[{"start":{"line":58,"column":2},"end":{"line":60,"column":null}}]},"5":{"loc":{"start":{"line":58,"column":6},"end":{"line":58,"column":55}},"type":"binary-expr","locations":[{"start":{"line":58,"column":6},"end":{"line":58,"column":26}},{"start":{"line":58,"column":26},"end":{"line":58,"column":55}}]},"6":{"loc":{"start":{"line":70,"column":15},"end":{"line":70,"column":null}},"type":"binary-expr","locations":[{"start":{"line":70,"column":15},"end":{"line":70,"column":null}}]},"7":{"loc":{"start":{"line":88,"column":16},"end":{"line":92,"column":null}},"type":"cond-expr","locations":[{"start":{"line":88,"column":16},"end":{"line":92,"column":null}}]}},"s":{"0":1,"1":1,"2":1,"3":1,"4":0,"5":0,"6":0,"7":0,"8":0,"9":0,"10":0,"11":0,"12":0,"13":0,"14":0,"15":0,"16":1,"17":1,"18":1,"19":0,"20":2,"21":2},"f":{"0":0,"1":0,"2":0,"3":0,"4":1,"5":2},"b":{"0":[0],"1":[0,0],"2":[0,0],"3":[1,0],"4":[0],"5":[1,1],"6":[2],"7":[1]}}
,"C:\\Users\\Jarum\\UrbanPulse\\frontend\\components\\layout\\Navbar.tsx": {"path":"C:\\Users\\Jarum\\UrbanPulse\\frontend\\components\\layout\\Navbar.tsx","statementMap":{"0":{"start":{"line":12,"column":16},"end":{"line":12,"column":null}},"1":{"start":{"line":2,"column":17},"end":{"line":2,"column":null}},"2":{"start":{"line":4,"column":23},"end":{"line":4,"column":null}},"3":{"start":{"line":5,"column":28},"end":{"line":5,"column":null}},"4":{"start":{"line":13,"column":19},"end":{"line":13,"column":null}},"5":{"start":{"line":14,"column":19},"end":{"line":14,"column":null}},"6":{"start":{"line":16,"column":30},"end":{"line":21,"column":null}},"7":{"start":{"line":23,"column":32},"end":{"line":55,"column":null}},"8":{"start":{"line":24,"column":17},"end":{"line":24,"column":null}},"9":{"start":{"line":25,"column":4},"end":{"line":27,"column":null}},"10":{"start":{"line":26,"column":6},"end":{"line":26,"column":null}},"11":{"start":{"line":29,"column":18},"end":{"line":29,"column":null}},"12":{"start":{"line":29,"column":79},"end":{"line":29,"column":null}},"13":{"start":{"line":30,"column":4},"end":{"line":32,"column":null}},"14":{"start":{"line":31,"column":6},"end":{"line":31,"column":null}},"15":{"start":{"line":34,"column":25},"end":{"line":34,"column":null}},"16":{"start":{"line":34,"column":51},"end":{"line":34,"column":82}},"17":{"start":{"line":35,"column":4},"end":{"line":37,"column":null}},"18":{"start":{"line":36,"column":6},"end":{"line":36,"column":null}},"19":{"start":{"line":39,"column":4},"end":{"line":39,"column":null}},"20":{"start":{"line":41,"column":4},"end":{"line":44,"column":null}},"21":{"start":{"line":42,"column":6},"end":{"line":42,"column":null}},"22":{"start":{"line":43,"column":6},"end":{"line":43,"column":null}},"23":{"start":{"line":46,"column":4},"end":{"line":49,"column":null}},"24":{"start":{"line":47,"column":6},"end":{"line":47,"column":null}},"25":{"start":{"line":48,"column":6},"end":{"line":48,"column":null}},"26":{"start":{"line":51,"column":26},"end":{"line":51,"column":null}},"27":{"start":{"line":52,"column":17},"end":{"line":52,"column":null}},"28":{"start":{"line":53,"column":22},"end":{"line":53,"column":73}},"29":{"start":{"line":54,"column":4},"end":{"line":54,"column":null}},"30":{"start":{"line":65,"column":12},"end":{"line":67,"column":null}},"31":{"start":{"line":69,"column":10},"end":{"line":70,"column":null}},"32":{"start":{"line":74,"column":18},"end":{"line":74,"column":null}}},"fnMap":{"0":{"name":"Navbar","decl":{"start":{"line":12,"column":16},"end":{"line":12,"column":null}},"loc":{"start":{"line":12,"column":16},"end":{"line":88,"column":null}}},"1":{"name":"(anonymous_3)","decl":{"start":{"line":23,"column":32},"end":{"line":23,"column":33}},"loc":{"start":{"line":23,"column":33},"end":{"line":55,"column":null}}},"2":{"name":"(anonymous_4)","decl":{"start":{"line":29,"column":42},"end":{"line":29,"column":43}},"loc":{"start":{"line":29,"column":79},"end":{"line":29,"column":null}}},"3":{"name":"(anonymous_5)","decl":{"start":{"line":34,"column":41},"end":{"line":34,"column":42}},"loc":{"start":{"line":34,"column":51},"end":{"line":34,"column":82}}},"4":{"name":"(anonymous_6)","decl":{"start":{"line":63,"column":22},"end":{"line":63,"column":23}},"loc":{"start":{"line":63,"column":29},"end":{"line":84,"column":null}}},"5":{"name":"(anonymous_7)","decl":{"start":{"line":73,"column":21},"end":{"line":73,"column":22}},"loc":{"start":{"line":73,"column":22},"end":{"line":75,"column":null}}}},"branchMap":{"0":{"loc":{"start":{"line":25,"column":4},"end":{"line":27,"column":null}},"type":"if","locations":[{"start":{"line":25,"column":4},"end":{"line":27,"column":null}}]},"1":{"loc":{"start":{"line":30,"column":4},"end":{"line":32,"column":null}},"type":"if","locations":[{"start":{"line":30,"column":4},"end":{"line":32,"column":null}}]},"2":{"loc":{"start":{"line":35,"column":4},"end":{"line":37,"column":null}},"type":"if","locations":[{"start":{"line":35,"column":4},"end":{"line":37,"column":null}}]},"3":{"loc":{"start":{"line":41,"column":4},"end":{"line":44,"column":null}},"type":"if","locations":[{"start":{"line":41,"column":4},"end":{"line":44,"column":null}}]},"4":{"loc":{"start":{"line":46,"column":4},"end":{"line":49,"column":null}},"type":"if","locations":[{"start":{"line":46,"column":4},"end":{"line":49,"column":null}}]},"5":{"loc":{"start":{"line":51,"column":26},"end":{"line":51,"column":null}},"type":"binary-expr","locations":[{"start":{"line":51,"column":26},"end":{"line":51,"column":56}},{"start":{"line":51,"column":56},"end":{"line":51,"column":null}}]},"6":{"loc":{"start":{"line":52,"column":17},"end":{"line":52,"column":null}},"type":"cond-expr","locations":[{"start":{"line":52,"column":33},"end":{"line":52,"column":37}},{"start":{"line":52,"column":37},"end":{"line":52,"column":null}}]},"7":{"loc":{"start":{"line":65,"column":12},"end":{"line":67,"column":null}},"type":"cond-expr","locations":[{"start":{"line":66,"column":16},"end":{"line":66,"column":38}},{"start":{"line":67,"column":16},"end":{"line":67,"column":null}}]},"8":{"loc":{"start":{"line":77,"column":30},"end":{"line":77,"column":null}},"type":"cond-expr","locations":[{"start":{"line":77,"column":41},"end":{"line":77,"column":50}},{"start":{"line":77,"column":50},"end":{"line":77,"column":null}}]}},"s":{"0":25,"1":4,"2":4,"3":4,"4":27,"5":27,"6":25,"7":25,"8":4,"9":4,"10":1,"11":3,"12":12,"13":3,"14":0,"15":3,"16":4,"17":3,"18":0,"19":3,"20":3,"21":1,"22":1,"23":2,"24":1,"25":1,"26":1,"27":1,"28":1,"29":1,"30":100,"31":100,"32":192},"f":{"0":27,"1":4,"2":12,"3":4,"4":100,"5":192},"b":{"0":[1],"1":[0],"2":[0],"3":[1],"4":[1],"5":[1,0],"6":[1,0],"7":[25,75],"8":[8,92]}}
,"C:\\Users\\Jarum\\UrbanPulse\\frontend\\components\\navigation\\Breadcrumb.tsx": {"path":"C:\\Users\\Jarum\\UrbanPulse\\frontend\\components\\navigation\\Breadcrumb.tsx","statementMap":{"0":{"start":{"line":54,"column":16},"end":{"line":54,"column":27}},"1":{"start":{"line":2,"column":17},"end":{"line":2,"column":null}},"2":{"start":{"line":3,"column":28},"end":{"line":3,"column":null}},"3":{"start":{"line":10,"column":44},"end":{"line":27,"column":null}},"4":{"start":{"line":30,"column":2},"end":{"line":32,"column":null}},"5":{"start":{"line":31,"column":4},"end":{"line":31,"column":null}},"6":{"start":{"line":34,"column":16},"end":{"line":34,"column":null}},"7":{"start":{"line":35,"column":34},"end":{"line":35,"column":null}},"8":{"start":{"line":37,"column":20},"end":{"line":37,"column":null}},"9":{"start":{"line":38,"column":2},"end":{"line":42,"column":null}},"10":{"start":{"line":39,"column":4},"end":{"line":39,"column":null}},"11":{"start":{"line":40,"column":18},"end":{"line":40,"column":null}},"12":{"start":{"line":41,"column":4},"end":{"line":41,"column":null}},"13":{"start":{"line":44,"column":2},"end":{"line":44,"column":null}},"14":{"start":{"line":48,"column":2},"end":{"line":51,"column":null}},"15":{"start":{"line":50,"column":19},"end":{"line":50,"column":null}},"16":{"start":{"line":55,"column":19},"end":{"line":55,"column":null}},"17":{"start":{"line":56,"column":26},"end":{"line":56,"column":null}},"18":{"start":{"line":58,"column":2},"end":{"line":60,"column":null}},"19":{"start":{"line":59,"column":4},"end":{"line":59,"column":null}},"20":{"start":{"line":66,"column":25},"end":{"line":66,"column":null}},"21":{"start":{"line":68,"column":10},"end":{"line":69,"column":28}}},"fnMap":{"0":{"name":"generateBreadcrumbsFromPathname","decl":{"start":{"line":29,"column":9},"end":{"line":29,"column":41}},"loc":{"start":{"line":29,"column":57},"end":{"line":45,"column":null}}},"1":{"name":"(anonymous_3)","decl":{"start":{"line":38,"column":16},"end":{"line":38,"column":17}},"loc":{"start":{"line":38,"column":17},"end":{"line":42,"column":null}}},"2":{"name":"formatPathToLabel","decl":{"start":{"line":47,"column":9},"end":{"line":47,"column":27}},"loc":{"start":{"line":47,"column":39},"end":{"line":52,"column":null}}},"3":{"name":"(anonymous_5)","decl":{"start":{"line":50,"column":9},"end":{"line":50,"column":10}},"loc":{"start":{"line":50,"column":19},"end":{"line":50,"column":null}}},"4":{"name":"Breadcrumb","decl":{"start":{"line":54,"column":16},"end":{"line":54,"column":27}},"loc":{"start":{"line":54,"column":66},"end":{"line":116,"column":null}}},"5":{"name":"(anonymous_7)","decl":{"start":{"line":65,"column":29},"end":{"line":65,"column":30}},"loc":{"start":{"line":65,"column":36},"end":{"line":112,"column":null}}}},"branchMap":{"0":{"loc":{"start":{"line":30,"column":2},"end":{"line":32,"column":null}},"type":"if","locations":[{"start":{"line":30,"column":2},"end":{"line":32,"column":null}}]},"1":{"loc":{"start":{"line":30,"column":6},"end":{"line":30,"column":37}},"type":"binary-expr","locations":[{"start":{"line":30,"column":6},"end":{"line":30,"column":19}},{"start":{"line":30,"column":19},"end":{"line":30,"column":37}}]},"2":{"loc":{"start":{"line":40,"column":18},"end":{"line":40,"column":null}},"type":"binary-expr","locations":[{"start":{"line":40,"column":18},"end":{"line":40,"column":42}},{"start":{"line":40,"column":46},"end":{"line":40,"column":null}}]},"3":{"loc":{"start":{"line":56,"column":26},"end":{"line":56,"column":null}},"type":"binary-expr","locations":[{"start":{"line":56,"column":26},"end":{"line":56,"column":35}},{"start":{"line":56,"column":35},"end":{"line":56,"column":null}}]},"4":{"loc":{"start":{"line":58,"column":2},"end":{"line":60,"column":null}},"type":"if","locations":[{"start":{"line":58,"column":2},"end":{"line":60,"column":null}}]},"5":{"loc":{"start":{"line":58,"column":6},"end":{"line":58,"column":55}},"type":"binary-expr","locations":[{"start":{"line":58,"column":6},"end":{"line":58,"column":26}},{"start":{"line":58,"column":26},"end":{"line":58,"column":55}}]},"6":{"loc":{"start":{"line":70,"column":15},"end":{"line":70,"column":null}},"type":"binary-expr","locations":[{"start":{"line":70,"column":15},"end":{"line":70,"column":null}}]},"7":{"loc":{"start":{"line":88,"column":16},"end":{"line":92,"column":null}},"type":"cond-expr","locations":[{"start":{"line":88,"column":16},"end":{"line":92,"column":null}}]}},"s":{"0":13,"1":1,"2":1,"3":1,"4":0,"5":0,"6":0,"7":0,"8":0,"9":0,"10":0,"11":0,"12":0,"13":0,"14":0,"15":0,"16":13,"17":13,"18":13,"19":2,"20":34,"21":34},"f":{"0":0,"1":0,"2":0,"3":0,"4":13,"5":34},"b":{"0":[0],"1":[0,0],"2":[0,0],"3":[13,0],"4":[2],"5":[13,13],"6":[34],"7":[11]}}
,"C:\\Users\\Jarum\\UrbanPulse\\frontend\\components\\providers\\auth-provider.tsx": {"path":"C:\\Users\\Jarum\\UrbanPulse\\frontend\\components\\providers\\auth-provider.tsx","statementMap":{"0":{"start":{"line":21,"column":16},"end":{"line":21,"column":28}},"1":{"start":{"line":76,"column":16},"end":{"line":76,"column":23}},"2":{"start":{"line":3,"column":74},"end":{"line":3,"column":null}},"3":{"start":{"line":19,"column":20},"end":{"line":19,"column":null}},"4":{"start":{"line":22,"column":26},"end":{"line":22,"column":null}},"5":{"start":{"line":23,"column":36},"end":{"line":23,"column":null}},"6":{"start":{"line":25,"column":2},"end":{"line":39,"column":null}},"7":{"start":{"line":27,"column":18},"end":{"line":27,"column":null}},"8":{"start":{"line":28,"column":4},"end":{"line":37,"column":null}},"9":{"start":{"line":30,"column":29},"end":{"line":35,"column":null}},"10":{"start":{"line":36,"column":6},"end":{"line":36,"column":null}},"11":{"start":{"line":38,"column":4},"end":{"line":38,"column":null}},"12":{"start":{"line":41,"column":16},"end":{"line":62,"column":null}},"13":{"start":{"line":42,"column":4},"end":{"line":61,"column":null}},"14":{"start":{"line":44,"column":6},"end":{"line":56,"column":null}},"15":{"start":{"line":45,"column":31},"end":{"line":50,"column":null}},"16":{"start":{"line":53,"column":8},"end":{"line":53,"column":null}},"17":{"start":{"line":54,"column":8},"end":{"line":54,"column":null}},"18":{"start":{"line":55,"column":8},"end":{"line":55,"column":null}},"19":{"start":{"line":57,"column":6},"end":{"line":57,"column":null}},"20":{"start":{"line":59,"column":6},"end":{"line":59,"column":null}},"21":{"start":{"line":60,"column":6},"end":{"line":60,"column":null}},"22":{"start":{"line":64,"column":17},"end":{"line":67,"column":null}},"23":{"start":{"line":65,"column":4},"end":{"line":65,"column":null}},"24":{"start":{"line":66,"column":4},"end":{"line":66,"column":null}},"25":{"start":{"line":77,"column":18},"end":{"line":77,"column":null}},"26":{"start":{"line":78,"column":2},"end":{"line":80,"column":null}},"27":{"start":{"line":79,"column":4},"end":{"line":79,"column":null}},"28":{"start":{"line":81,"column":2},"end":{"line":81,"column":null}}},"fnMap":{"0":{"name":"AuthProvider","decl":{"start":{"line":21,"column":16},"end":{"line":21,"column":28}},"loc":{"start":{"line":21,"column":66},"end":{"line":74,"column":null}}},"1":{"name":"(anonymous_4)","decl":{"start":{"line":25,"column":12},"end":{"line":25,"column":null}},"loc":{"start":{"line":25,"column":12},"end":{"line":39,"column":5}}},"2":{"name":"(anonymous_5)","decl":{"start":{"line":41,"column":16},"end":{"line":41,"column":23}},"loc":{"start":{"line":41,"column":38},"end":{"line":62,"column":null}}},"3":{"name":"(anonymous_6)","decl":{"start":{"line":64,"column":17},"end":{"line":64,"column":null}},"loc":{"start":{"line":64,"column":17},"end":{"line":67,"column":null}}},"4":{"name":"useAuth","decl":{"start":{"line":76,"column":16},"end":{"line":76,"column":23}},"loc":{"start":{"line":76,"column":16},"end":{"line":82,"column":null}}}},"branchMap":{"0":{"loc":{"start":{"line":28,"column":4},"end":{"line":37,"column":null}},"type":"if","locations":[{"start":{"line":28,"column":4},"end":{"line":37,"column":null}}]},"1":{"loc":{"start":{"line":44,"column":6},"end":{"line":56,"column":null}},"type":"if","locations":[{"start":{"line":44,"column":6},"end":{"line":56,"column":null}}]},"2":{"loc":{"start":{"line":44,"column":10},"end":{"line":44,"column":29}},"type":"binary-expr","locations":[{"start":{"line":44,"column":10},"end":{"line":44,"column":19}},{"start":{"line":44,"column":19},"end":{"line":44,"column":29}}]},"3":{"loc":{"start":{"line":78,"column":2},"end":{"line":80,"column":null}},"type":"if","locations":[{"start":{"line":78,"column":2},"end":{"line":80,"column":null}}]}},"s":{"0":0,"1":0,"2":0,"3":0,"4":0,"5":0,"6":0,"7":0,"8":0,"9":0,"10":0,"11":0,"12":0,"13":0,"14":0,"15":0,"16":0,"17":0,"18":0,"19":0,"20":0,"21":0,"22":0,"23":0,"24":0,"25":0,"26":0,"27":0,"28":0},"f":{"0":0,"1":0,"2":0,"3":0,"4":0},"b":{"0":[0],"1":[0],"2":[0,0],"3":[0]}}
,"C:\\Users\\Jarum\\UrbanPulse\\frontend\\components\\providers\\theme-provider.tsx": {"path":"C:\\Users\\Jarum\\UrbanPulse\\frontend\\components\\providers\\theme-provider.tsx","statementMap":{"0":{"start":{"line":9,"column":16},"end":{"line":9,"column":30}},"1":{"start":{"line":3,"column":23},"end":{"line":3,"column":null}},"2":{"start":{"line":4,"column":52},"end":{"line":4,"column":null}}},"fnMap":{"0":{"name":"ThemeProvider","decl":{"start":{"line":9,"column":16},"end":{"line":9,"column":30}},"loc":{"start":{"line":9,"column":72},"end":{"line":11,"column":null}}}},"branchMap":{},"s":{"0":0,"1":0,"2":0},"f":{"0":0},"b":{}}
,"C:\\Users\\Jarum\\UrbanPulse\\frontend\\components\\reports\\ReportList.tsx": {"path":"C:\\Users\\Jarum\\UrbanPulse\\frontend\\components\\reports\\ReportList.tsx","statementMap":{"0":{"start":{"line":8,"column":24},"end":{"line":8,"column":null}},"1":{"start":{"line":2,"column":36},"end":{"line":2,"column":null}},"2":{"start":{"line":3,"column":23},"end":{"line":3,"column":null}},"3":{"start":{"line":4,"column":19},"end":{"line":4,"column":null}},"4":{"start":{"line":5,"column":35},"end":{"line":5,"column":null}},"5":{"start":{"line":6,"column":35},"end":{"line":6,"column":null}},"6":{"start":{"line":9,"column":32},"end":{"line":9,"column":null}},"7":{"start":{"line":10,"column":32},"end":{"line":10,"column":null}},"8":{"start":{"line":11,"column":28},"end":{"line":11,"column":null}},"9":{"start":{"line":13,"column":2},"end":{"line":18,"column":null}},"10":{"start":{"line":14,"column":4},"end":{"line":17,"column":null}},"11":{"start":{"line":16,"column":19},"end":{"line":16,"column":null}},"12":{"start":{"line":17,"column":21},"end":{"line":17,"column":null}},"13":{"start":{"line":20,"column":25},"end":{"line":28,"column":null}},"14":{"start":{"line":21,"column":4},"end":{"line":27,"column":null}},"15":{"start":{"line":22,"column":19},"end":{"line":22,"column":null}},"16":{"start":{"line":23,"column":26},"end":{"line":23,"column":null}},"17":{"start":{"line":24,"column":23},"end":{"line":24,"column":null}},"18":{"start":{"line":25,"column":21},"end":{"line":25,"column":null}},"19":{"start":{"line":26,"column":15},"end":{"line":26,"column":null}},"20":{"start":{"line":30,"column":25},"end":{"line":38,"column":null}},"21":{"start":{"line":31,"column":4},"end":{"line":37,"column":null}},"22":{"start":{"line":32,"column":19},"end":{"line":32,"column":null}},"23":{"start":{"line":33,"column":26},"end":{"line":33,"column":null}},"24":{"start":{"line":34,"column":23},"end":{"line":34,"column":null}},"25":{"start":{"line":35,"column":21},"end":{"line":35,"column":null}},"26":{"start":{"line":36,"column":15},"end":{"line":36,"column":null}},"27":{"start":{"line":51,"column":27},"end":{"line":51,"column":null}},"28":{"start":{"line":65,"column":12},"end":{"line":66,"column":null}}},"fnMap":{"0":{"name":"ReportList","decl":{"start":{"line":8,"column":24},"end":{"line":8,"column":null}},"loc":{"start":{"line":8,"column":24},"end":{"line":82,"column":null}}},"1":{"name":"(anonymous_3)","decl":{"start":{"line":13,"column":12},"end":{"line":13,"column":null}},"loc":{"start":{"line":13,"column":12},"end":{"line":18,"column":5}}},"2":{"name":"(anonymous_4)","decl":{"start":{"line":16,"column":13},"end":{"line":16,"column":19}},"loc":{"start":{"line":16,"column":19},"end":{"line":16,"column":null}}},"3":{"name":"(anonymous_5)","decl":{"start":{"line":17,"column":15},"end":{"line":17,"column":21}},"loc":{"start":{"line":17,"column":21},"end":{"line":17,"column":null}}},"4":{"name":"(anonymous_6)","decl":{"start":{"line":20,"column":25},"end":{"line":20,"column":26}},"loc":{"start":{"line":20,"column":26},"end":{"line":28,"column":null}}},"5":{"name":"(anonymous_7)","decl":{"start":{"line":30,"column":25},"end":{"line":30,"column":26}},"loc":{"start":{"line":30,"column":26},"end":{"line":38,"column":null}}},"6":{"name":"(anonymous_8)","decl":{"start":{"line":51,"column":21},"end":{"line":51,"column":27}},"loc":{"start":{"line":51,"column":27},"end":{"line":51,"column":null}}},"7":{"name":"(anonymous_9)","decl":{"start":{"line":64,"column":23},"end":{"line":64,"column":24}},"loc":{"start":{"line":65,"column":12},"end":{"line":66,"column":null}}}},"branchMap":{"0":{"loc":{"start":{"line":21,"column":4},"end":{"line":27,"column":null}},"type":"switch","locations":[{"start":{"line":22,"column":6},"end":{"line":22,"column":null}},{"start":{"line":23,"column":6},"end":{"line":23,"column":null}},{"start":{"line":24,"column":6},"end":{"line":24,"column":null}},{"start":{"line":25,"column":6},"end":{"line":25,"column":null}},{"start":{"line":26,"column":6},"end":{"line":26,"column":null}}]},"1":{"loc":{"start":{"line":31,"column":4},"end":{"line":37,"column":null}},"type":"switch","locations":[{"start":{"line":32,"column":6},"end":{"line":32,"column":null}},{"start":{"line":33,"column":6},"end":{"line":33,"column":null}},{"start":{"line":34,"column":6},"end":{"line":34,"column":null}},{"start":{"line":35,"column":6},"end":{"line":35,"column":null}},{"start":{"line":36,"column":6},"end":{"line":36,"column":null}}]},"2":{"loc":{"start":{"line":43,"column":8},"end":{"line":47,"column":null}},"type":"cond-expr","locations":[{"start":{"line":43,"column":8},"end":{"line":47,"column":null}}]},"3":{"loc":{"start":{"line":48,"column":8},"end":{"line":57,"column":18}},"type":"cond-expr","locations":[{"start":{"line":48,"column":8},"end":{"line":57,"column":18}}]},"4":{"loc":{"start":{"line":58,"column":8},"end":{"line":63,"column":9}},"type":"cond-expr","locations":[{"start":{"line":58,"column":8},"end":{"line":63,"column":9}}]}},"s":{"0":0,"1":0,"2":0,"3":0,"4":0,"5":0,"6":0,"7":0,"8":0,"9":0,"10":0,"11":0,"12":0,"13":0,"14":0,"15":0,"16":0,"17":0,"18":0,"19":0,"20":0,"21":0,"22":0,"23":0,"24":0,"25":0,"26":0,"27":0,"28":0},"f":{"0":0,"1":0,"2":0,"3":0,"4":0,"5":0,"6":0,"7":0},"b":{"0":[0,0,0,0,0],"1":[0,0,0,0,0],"2":[0],"3":[0],"4":[0]}}
,"C:\\Users\\Jarum\\UrbanPulse\\frontend\\components\\reports\\create-report\\CreateReportForm.tsx": {"path":"C:\\Users\\Jarum\\UrbanPulse\\frontend\\components\\reports\\create-report\\CreateReportForm.tsx","statementMap":{"0":{"start":{"line":23,"column":24},"end":{"line":23,"column":null}},"1":{"start":{"line":3,"column":17},"end":{"line":3,"column":null}},"2":{"start":{"line":5,"column":44},"end":{"line":5,"column":null}},"3":{"start":{"line":6,"column":37},"end":{"line":6,"column":null}},"4":{"start":{"line":7,"column":19},"end":{"line":7,"column":null}},"5":{"start":{"line":21,"column":19},"end":{"line":21,"column":null}},"6":{"start":{"line":24,"column":30},"end":{"line":24,"column":null}},"7":{"start":{"line":25,"column":36},"end":{"line":25,"column":null}},"8":{"start":{"line":26,"column":40},"end":{"line":26,"column":null}},"9":{"start":{"line":27,"column":36},"end":{"line":27,"column":null}},"10":{"start":{"line":28,"column":30},"end":{"line":28,"column":null}},"11":{"start":{"line":29,"column":38},"end":{"line":29,"column":null}},"12":{"start":{"line":30,"column":36},"end":{"line":30,"column":null}},"13":{"start":{"line":31,"column":46},"end":{"line":31,"column":null}},"14":{"start":{"line":32,"column":38},"end":{"line":32,"column":null}},"15":{"start":{"line":33,"column":44},"end":{"line":36,"column":null}},"16":{"start":{"line":37,"column":52},"end":{"line":37,"column":null}},"17":{"start":{"line":38,"column":50},"end":{"line":38,"column":null}},"18":{"start":{"line":39,"column":42},"end":{"line":39,"column":null}},"19":{"start":{"line":40,"column":50},"end":{"line":40,"column":null}},"20":{"start":{"line":42,"column":23},"end":{"line":42,"column":null}},"21":{"start":{"line":43,"column":28},"end":{"line":43,"column":null}},"22":{"start":{"line":45,"column":2},"end":{"line":47,"column":null}},"23":{"start":{"line":46,"column":4},"end":{"line":46,"column":null}},"24":{"start":{"line":49,"column":2},"end":{"line":55,"column":null}},"25":{"start":{"line":50,"column":4},"end":{"line":54,"column":null}},"26":{"start":{"line":51,"column":6},"end":{"line":53,"column":null}},"27":{"start":{"line":52,"column":8},"end":{"line":52,"column":null}},"28":{"start":{"line":57,"column":22},"end":{"line":71,"column":null}},"29":{"start":{"line":58,"column":23},"end":{"line":58,"column":null}},"30":{"start":{"line":58,"column":46},"end":{"line":58,"column":null}},"31":{"start":{"line":60,"column":4},"end":{"line":63,"column":null}},"32":{"start":{"line":61,"column":6},"end":{"line":61,"column":null}},"33":{"start":{"line":62,"column":6},"end":{"line":62,"column":null}},"34":{"start":{"line":65,"column":23},"end":{"line":68,"column":null}},"35":{"start":{"line":65,"column":56},"end":{"line":68,"column":null}},"36":{"start":{"line":70,"column":4},"end":{"line":70,"column":null}},"37":{"start":{"line":70,"column":36},"end":{"line":70,"column":null}},"38":{"start":{"line":73,"column":22},"end":{"line":81,"column":null}},"39":{"start":{"line":74,"column":4},"end":{"line":80,"column":null}},"40":{"start":{"line":75,"column":28},"end":{"line":75,"column":null}},"41":{"start":{"line":75,"column":53},"end":{"line":75,"column":null}},"42":{"start":{"line":76,"column":6},"end":{"line":78,"column":null}},"43":{"start":{"line":77,"column":8},"end":{"line":77,"column":null}},"44":{"start":{"line":79,"column":6},"end":{"line":79,"column":null}},"45":{"start":{"line":79,"column":40},"end":{"line":79,"column":null}},"46":{"start":{"line":83,"column":29},"end":{"line":118,"column":null}},"47":{"start":{"line":84,"column":4},"end":{"line":90,"column":null}},"48":{"start":{"line":85,"column":6},"end":{"line":88,"column":null}},"49":{"start":{"line":89,"column":6},"end":{"line":89,"column":null}},"50":{"start":{"line":92,"column":4},"end":{"line":92,"column":null}},"51":{"start":{"line":93,"column":4},"end":{"line":93,"column":null}},"52":{"start":{"line":95,"column":4},"end":{"line":116,"column":null}},"53":{"start":{"line":97,"column":20},"end":{"line":97,"column":44}},"54":{"start":{"line":98,"column":20},"end":{"line":98,"column":45}},"55":{"start":{"line":99,"column":28},"end":{"line":99,"column":85}},"56":{"start":{"line":101,"column":8},"end":{"line":101,"column":null}},"57":{"start":{"line":102,"column":8},"end":{"line":105,"column":null}},"58":{"start":{"line":106,"column":8},"end":{"line":106,"column":null}},"59":{"start":{"line":107,"column":8},"end":{"line":107,"column":null}},"60":{"start":{"line":110,"column":8},"end":{"line":113,"column":null}},"61":{"start":{"line":114,"column":8},"end":{"line":114,"column":null}},"62":{"start":{"line":115,"column":8},"end":{"line":115,"column":null}},"63":{"start":{"line":120,"column":19},"end":{"line":134,"column":null}},"64":{"start":{"line":121,"column":4},"end":{"line":121,"column":null}},"65":{"start":{"line":123,"column":4},"end":{"line":126,"column":null}},"66":{"start":{"line":124,"column":6},"end":{"line":124,"column":null}},"67":{"start":{"line":125,"column":6},"end":{"line":125,"column":null}},"68":{"start":{"line":128,"column":4},"end":{"line":128,"column":null}},"69":{"start":{"line":130,"column":4},"end":{"line":133,"column":null}},"70":{"start":{"line":131,"column":6},"end":{"line":131,"column":null}},"71":{"start":{"line":132,"column":6},"end":{"line":132,"column":null}},"72":{"start":{"line":154,"column":37},"end":{"line":154,"column":null}},"73":{"start":{"line":169,"column":37},"end":{"line":169,"column":null}},"74":{"start":{"line":193,"column":37},"end":{"line":193,"column":null}},"75":{"start":{"line":212,"column":31},"end":{"line":212,"column":null}},"76":{"start":{"line":214,"column":18},"end":{"line":214,"column":null}},"77":{"start":{"line":215,"column":18},"end":{"line":215,"column":null}},"78":{"start":{"line":217,"column":35},"end":{"line":217,"column":null}},"79":{"start":{"line":219,"column":18},"end":{"line":219,"column":null}},"80":{"start":{"line":220,"column":18},"end":{"line":220,"column":null}},"81":{"start":{"line":221,"column":18},"end":{"line":221,"column":null}},"82":{"start":{"line":237,"column":32},"end":{"line":237,"column":88}},"83":{"start":{"line":238,"column":18},"end":{"line":238,"column":null}},"84":{"start":{"line":239,"column":18},"end":{"line":239,"column":null}},"85":{"start":{"line":244,"column":18},"end":{"line":244,"column":38}},"86":{"start":{"line":249,"column":37},"end":{"line":249,"column":null}},"87":{"start":{"line":275,"column":39},"end":{"line":275,"column":null}},"88":{"start":{"line":320,"column":37},"end":{"line":320,"column":null}},"89":{"start":{"line":339,"column":37},"end":{"line":339,"column":null}},"90":{"start":{"line":355,"column":36},"end":{"line":355,"column":null}},"91":{"start":{"line":372,"column":36},"end":{"line":372,"column":null}},"92":{"start":{"line":389,"column":36},"end":{"line":389,"column":null}},"93":{"start":{"line":425,"column":23},"end":{"line":425,"column":null}}},"fnMap":{"0":{"name":"CreateReportForm","decl":{"start":{"line":23,"column":24},"end":{"line":23,"column":null}},"loc":{"start":{"line":23,"column":24},"end":{"line":429,"column":null}}},"1":{"name":"(anonymous_3)","decl":{"start":{"line":45,"column":12},"end":{"line":45,"column":null}},"loc":{"start":{"line":45,"column":12},"end":{"line":47,"column":5}}},"2":{"name":"(anonymous_4)","decl":{"start":{"line":49,"column":12},"end":{"line":49,"column":null}},"loc":{"start":{"line":49,"column":12},"end":{"line":55,"column":5}}},"3":{"name":"(anonymous_5)","decl":{"start":{"line":50,"column":11},"end":{"line":50,"column":null}},"loc":{"start":{"line":50,"column":11},"end":{"line":54,"column":null}}},"4":{"name":"(anonymous_6)","decl":{"start":{"line":51,"column":40},"end":{"line":51,"column":41}},"loc":{"start":{"line":51,"column":41},"end":{"line":53,"column":null}}},"5":{"name":"(anonymous_7)","decl":{"start":{"line":57,"column":22},"end":{"line":57,"column":23}},"loc":{"start":{"line":57,"column":23},"end":{"line":71,"column":null}}},"6":{"name":"(anonymous_8)","decl":{"start":{"line":58,"column":36},"end":{"line":58,"column":37}},"loc":{"start":{"line":58,"column":46},"end":{"line":58,"column":null}}},"7":{"name":"(anonymous_9)","decl":{"start":{"line":65,"column":38},"end":{"line":65,"column":39}},"loc":{"start":{"line":65,"column":56},"end":{"line":68,"column":null}}},"8":{"name":"(anonymous_10)","decl":{"start":{"line":70,"column":22},"end":{"line":70,"column":23}},"loc":{"start":{"line":70,"column":36},"end":{"line":70,"column":null}}},"9":{"name":"(anonymous_11)","decl":{"start":{"line":73,"column":22},"end":{"line":73,"column":23}},"loc":{"start":{"line":73,"column":23},"end":{"line":81,"column":null}}},"10":{"name":"(anonymous_12)","decl":{"start":{"line":74,"column":22},"end":{"line":74,"column":23}},"loc":{"start":{"line":74,"column":23},"end":{"line":80,"column":null}}},"11":{"name":"(anonymous_13)","decl":{"start":{"line":75,"column":42},"end":{"line":75,"column":43}},"loc":{"start":{"line":75,"column":53},"end":{"line":75,"column":null}}},"12":{"name":"(anonymous_14)","decl":{"start":{"line":79,"column":29},"end":{"line":79,"column":30}},"loc":{"start":{"line":79,"column":40},"end":{"line":79,"column":null}}},"13":{"name":"(anonymous_15)","decl":{"start":{"line":83,"column":29},"end":{"line":83,"column":null}},"loc":{"start":{"line":83,"column":29},"end":{"line":118,"column":null}}},"14":{"name":"(anonymous_16)","decl":{"start":{"line":96,"column":6},"end":{"line":96,"column":7}},"loc":{"start":{"line":96,"column":7},"end":{"line":108,"column":null}}},"15":{"name":"(anonymous_17)","decl":{"start":{"line":109,"column":6},"end":{"line":109,"column":null}},"loc":{"start":{"line":109,"column":6},"end":{"line":116,"column":null}}},"16":{"name":"(anonymous_18)","decl":{"start":{"line":120,"column":19},"end":{"line":120,"column":20}},"loc":{"start":{"line":120,"column":20},"end":{"line":134,"column":null}}},"17":{"name":"(anonymous_19)","decl":{"start":{"line":130,"column":22},"end":{"line":130,"column":null}},"loc":{"start":{"line":130,"column":22},"end":{"line":133,"column":7}}},"18":{"name":"(anonymous_20)","decl":{"start":{"line":154,"column":26},"end":{"line":154,"column":27}},"loc":{"start":{"line":154,"column":37},"end":{"line":154,"column":null}}},"19":{"name":"(anonymous_21)","decl":{"start":{"line":169,"column":26},"end":{"line":169,"column":27}},"loc":{"start":{"line":169,"column":37},"end":{"line":169,"column":null}}},"20":{"name":"(anonymous_22)","decl":{"start":{"line":193,"column":26},"end":{"line":193,"column":27}},"loc":{"start":{"line":193,"column":37},"end":{"line":193,"column":null}}},"21":{"name":"(anonymous_23)","decl":{"start":{"line":212,"column":25},"end":{"line":212,"column":31}},"loc":{"start":{"line":212,"column":31},"end":{"line":212,"column":null}}},"22":{"name":"(anonymous_24)","decl":{"start":{"line":213,"column":28},"end":{"line":213,"column":29}},"loc":{"start":{"line":213,"column":29},"end":{"line":216,"column":null}}},"23":{"name":"(anonymous_25)","decl":{"start":{"line":217,"column":29},"end":{"line":217,"column":35}},"loc":{"start":{"line":217,"column":35},"end":{"line":217,"column":null}}},"24":{"name":"(anonymous_26)","decl":{"start":{"line":218,"column":24},"end":{"line":218,"column":25}},"loc":{"start":{"line":218,"column":25},"end":{"line":222,"column":null}}},"25":{"name":"(anonymous_27)","decl":{"start":{"line":236,"column":26},"end":{"line":236,"column":27}},"loc":{"start":{"line":236,"column":27},"end":{"line":240,"column":null}}},"26":{"name":"(anonymous_28)","decl":{"start":{"line":243,"column":36},"end":{"line":243,"column":37}},"loc":{"start":{"line":244,"column":18},"end":{"line":244,"column":38}}},"27":{"name":"(anonymous_29)","decl":{"start":{"line":249,"column":31},"end":{"line":249,"column":37}},"loc":{"start":{"line":249,"column":37},"end":{"line":249,"column":null}}},"28":{"name":"(anonymous_30)","decl":{"start":{"line":275,"column":28},"end":{"line":275,"column":29}},"loc":{"start":{"line":275,"column":39},"end":{"line":275,"column":null}}},"29":{"name":"(anonymous_31)","decl":{"start":{"line":320,"column":26},"end":{"line":320,"column":27}},"loc":{"start":{"line":320,"column":37},"end":{"line":320,"column":null}}},"30":{"name":"(anonymous_32)","decl":{"start":{"line":339,"column":26},"end":{"line":339,"column":27}},"loc":{"start":{"line":339,"column":37},"end":{"line":339,"column":null}}},"31":{"name":"(anonymous_33)","decl":{"start":{"line":355,"column":30},"end":{"line":355,"column":36}},"loc":{"start":{"line":355,"column":36},"end":{"line":355,"column":null}}},"32":{"name":"(anonymous_34)","decl":{"start":{"line":372,"column":30},"end":{"line":372,"column":36}},"loc":{"start":{"line":372,"column":36},"end":{"line":372,"column":null}}},"33":{"name":"(anonymous_35)","decl":{"start":{"line":389,"column":30},"end":{"line":389,"column":36}},"loc":{"start":{"line":389,"column":36},"end":{"line":389,"column":null}}},"34":{"name":"(anonymous_36)","decl":{"start":{"line":425,"column":17},"end":{"line":425,"column":23}},"loc":{"start":{"line":425,"column":23},"end":{"line":425,"column":null}}}},"branchMap":{"0":{"loc":{"start":{"line":60,"column":4},"end":{"line":63,"column":null}},"type":"if","locations":[{"start":{"line":60,"column":4},"end":{"line":63,"column":null}}]},"1":{"loc":{"start":{"line":76,"column":6},"end":{"line":78,"column":null}},"type":"if","locations":[{"start":{"line":76,"column":6},"end":{"line":78,"column":null}}]},"2":{"loc":{"start":{"line":84,"column":4},"end":{"line":90,"column":null}},"type":"if","locations":[{"start":{"line":84,"column":4},"end":{"line":90,"column":null}}]},"3":{"loc":{"start":{"line":123,"column":4},"end":{"line":126,"column":null}},"type":"if","locations":[{"start":{"line":123,"column":4},"end":{"line":126,"column":null}}]},"4":{"loc":{"start":{"line":156,"column":55},"end":{"line":156,"column":96}},"type":"cond-expr","locations":[{"start":{"line":156,"column":76},"end":{"line":156,"column":90}},{"start":{"line":156,"column":93},"end":{"line":156,"column":96}}]},"5":{"loc":{"start":{"line":195,"column":55},"end":{"line":195,"column":102}},"type":"cond-expr","locations":[{"start":{"line":195,"column":82},"end":{"line":195,"column":96}},{"start":{"line":195,"column":99},"end":{"line":195,"column":102}}]},"6":{"loc":{"start":{"line":211,"column":56},"end":{"line":211,"column":90}},"type":"cond-expr","locations":[{"start":{"line":211,"column":69},"end":{"line":211,"column":84}},{"start":{"line":211,"column":87},"end":{"line":211,"column":90}}]},"7":{"loc":{"start":{"line":237,"column":32},"end":{"line":237,"column":88}},"type":"cond-expr","locations":[{"start":{"line":237,"column":53},"end":{"line":237,"column":86}},{"start":{"line":237,"column":86},"end":{"line":237,"column":88}}]},"8":{"loc":{"start":{"line":284,"column":20},"end":{"line":288,"column":null}},"type":"cond-expr","locations":[{"start":{"line":284,"column":20},"end":{"line":288,"column":null}}]},"9":{"loc":{"start":{"line":289,"column":20},"end":{"line":294,"column":null}},"type":"cond-expr","locations":[{"start":{"line":289,"column":20},"end":{"line":294,"column":null}}]},"10":{"loc":{"start":{"line":303,"column":18},"end":{"line":303,"column":null}},"type":"cond-expr","locations":[{"start":{"line":303,"column":39},"end":{"line":303,"column":65}},{"start":{"line":303,"column":68},"end":{"line":303,"column":null}}]},"11":{"loc":{"start":{"line":407,"column":18},"end":{"line":412,"column":null}},"type":"cond-expr","locations":[{"start":{"line":407,"column":18},"end":{"line":412,"column":null}}]}},"s":{"0":0,"1":0,"2":0,"3":0,"4":0,"5":0,"6":0,"7":0,"8":0,"9":0,"10":0,"11":0,"12":0,"13":0,"14":0,"15":0,"16":0,"17":0,"18":0,"19":0,"20":0,"21":0,"22":0,"23":0,"24":0,"25":0,"26":0,"27":0,"28":0,"29":0,"30":0,"31":0,"32":0,"33":0,"34":0,"35":0,"36":0,"37":0,"38":0,"39":0,"40":0,"41":0,"42":0,"43":0,"44":0,"45":0,"46":0,"47":0,"48":0,"49":0,"50":0,"51":0,"52":0,"53":0,"54":0,"55":0,"56":0,"57":0,"58":0,"59":0,"60":0,"61":0,"62":0,"63":0,"64":0,"65":0,"66":0,"67":0,"68":0,"69":0,"70":0,"71":0,"72":0,"73":0,"74":0,"75":0,"76":0,"77":0,"78":0,"79":0,"80":0,"81":0,"82":0,"83":0,"84":0,"85":0,"86":0,"87":0,"88":0,"89":0,"90":0,"91":0,"92":0,"93":0},"f":{"0":0,"1":0,"2":0,"3":0,"4":0,"5":0,"6":0,"7":0,"8":0,"9":0,"10":0,"11":0,"12":0,"13":0,"14":0,"15":0,"16":0,"17":0,"18":0,"19":0,"20":0,"21":0,"22":0,"23":0,"24":0,"25":0,"26":0,"27":0,"28":0,"29":0,"30":0,"31":0,"32":0,"33":0,"34":0},"b":{"0":[0],"1":[0],"2":[0],"3":[0],"4":[0,0],"5":[0,0],"6":[0,0],"7":[0,0],"8":[0],"9":[0],"10":[0,0],"11":[0]}}
,"C:\\Users\\Jarum\\UrbanPulse\\frontend\\components\\reports\\create-report\\CreateReportHeader.tsx": {"path":"C:\\Users\\Jarum\\UrbanPulse\\frontend\\components\\reports\\create-report\\CreateReportHeader.tsx","statementMap":{"0":{"start":{"line":3,"column":24},"end":{"line":3,"column":null}},"1":{"start":{"line":1,"column":19},"end":{"line":1,"column":null}}},"fnMap":{"0":{"name":"CreateReportHeader","decl":{"start":{"line":3,"column":24},"end":{"line":3,"column":null}},"loc":{"start":{"line":3,"column":24},"end":{"line":10,"column":null}}}},"branchMap":{},"s":{"0":0,"1":0},"f":{"0":0},"b":{}}
,"C:\\Users\\Jarum\\UrbanPulse\\frontend\\components\\reports\\create-report\\CreateReportNavbar.tsx": {"path":"C:\\Users\\Jarum\\UrbanPulse\\frontend\\components\\reports\\create-report\\CreateReportNavbar.tsx","statementMap":{"0":{"start":{"line":13,"column":24},"end":{"line":13,"column":null}},"1":{"start":{"line":3,"column":17},"end":{"line":3,"column":null}},"2":{"start":{"line":5,"column":23},"end":{"line":5,"column":null}},"3":{"start":{"line":6,"column":19},"end":{"line":6,"column":null}},"4":{"start":{"line":8,"column":17},"end":{"line":11,"column":null}},"5":{"start":{"line":14,"column":19},"end":{"line":14,"column":null}},"6":{"start":{"line":16,"column":32},"end":{"line":43,"column":null}},"7":{"start":{"line":17,"column":22},"end":{"line":17,"column":null}},"8":{"start":{"line":18,"column":4},"end":{"line":20,"column":null}},"9":{"start":{"line":19,"column":6},"end":{"line":19,"column":null}},"10":{"start":{"line":22,"column":18},"end":{"line":22,"column":null}},"11":{"start":{"line":22,"column":79},"end":{"line":22,"column":null}},"12":{"start":{"line":23,"column":25},"end":{"line":23,"column":null}},"13":{"start":{"line":23,"column":51},"end":{"line":23,"column":82}},"14":{"start":{"line":24,"column":4},"end":{"line":26,"column":null}},"15":{"start":{"line":25,"column":6},"end":{"line":25,"column":null}},"16":{"start":{"line":28,"column":4},"end":{"line":28,"column":null}},"17":{"start":{"line":30,"column":4},"end":{"line":33,"column":null}},"18":{"start":{"line":31,"column":6},"end":{"line":31,"column":null}},"19":{"start":{"line":32,"column":6},"end":{"line":32,"column":null}},"20":{"start":{"line":35,"column":4},"end":{"line":38,"column":null}},"21":{"start":{"line":36,"column":6},"end":{"line":36,"column":null}},"22":{"start":{"line":37,"column":6},"end":{"line":37,"column":null}},"23":{"start":{"line":40,"column":18},"end":{"line":40,"column":null}},"24":{"start":{"line":41,"column":22},"end":{"line":41,"column":74}},"25":{"start":{"line":42,"column":4},"end":{"line":42,"column":null}},"26":{"start":{"line":50,"column":12},"end":{"line":50,"column":null}},"27":{"start":{"line":54,"column":18},"end":{"line":54,"column":null}}},"fnMap":{"0":{"name":"CreateReportNavbar","decl":{"start":{"line":13,"column":24},"end":{"line":13,"column":null}},"loc":{"start":{"line":13,"column":24},"end":{"line":67,"column":null}}},"1":{"name":"(anonymous_3)","decl":{"start":{"line":16,"column":32},"end":{"line":16,"column":33}},"loc":{"start":{"line":16,"column":33},"end":{"line":43,"column":null}}},"2":{"name":"(anonymous_4)","decl":{"start":{"line":22,"column":42},"end":{"line":22,"column":43}},"loc":{"start":{"line":22,"column":79},"end":{"line":22,"column":null}}},"3":{"name":"(anonymous_5)","decl":{"start":{"line":23,"column":41},"end":{"line":23,"column":42}},"loc":{"start":{"line":23,"column":51},"end":{"line":23,"column":82}}},"4":{"name":"(anonymous_6)","decl":{"start":{"line":49,"column":24},"end":{"line":49,"column":25}},"loc":{"start":{"line":50,"column":12},"end":{"line":50,"column":null}}},"5":{"name":"(anonymous_7)","decl":{"start":{"line":53,"column":21},"end":{"line":53,"column":22}},"loc":{"start":{"line":53,"column":22},"end":{"line":55,"column":null}}}},"branchMap":{"0":{"loc":{"start":{"line":18,"column":4},"end":{"line":20,"column":null}},"type":"if","locations":[{"start":{"line":18,"column":4},"end":{"line":20,"column":null}}]},"1":{"loc":{"start":{"line":24,"column":4},"end":{"line":26,"column":null}},"type":"if","locations":[{"start":{"line":24,"column":4},"end":{"line":26,"column":null}}]},"2":{"loc":{"start":{"line":24,"column":8},"end":{"line":24,"column":51}},"type":"binary-expr","locations":[{"start":{"line":24,"column":8},"end":{"line":24,"column":30}},{"start":{"line":24,"column":30},"end":{"line":24,"column":51}}]},"3":{"loc":{"start":{"line":30,"column":4},"end":{"line":33,"column":null}},"type":"if","locations":[{"start":{"line":30,"column":4},"end":{"line":33,"column":null}}]},"4":{"loc":{"start":{"line":35,"column":4},"end":{"line":38,"column":null}},"type":"if","locations":[{"start":{"line":35,"column":4},"end":{"line":38,"column":null}}]},"5":{"loc":{"start":{"line":40,"column":18},"end":{"line":40,"column":null}},"type":"cond-expr","locations":[{"start":{"line":40,"column":47},"end":{"line":40,"column":51}},{"start":{"line":40,"column":51},"end":{"line":40,"column":null}}]}},"s":{"0":0,"1":0,"2":0,"3":0,"4":0,"5":0,"6":0,"7":0,"8":0,"9":0,"10":0,"11":0,"12":0,"13":0,"14":0,"15":0,"16":0,"17":0,"18":0,"19":0,"20":0,"21":0,"22":0,"23":0,"24":0,"25":0,"26":0,"27":0},"f":{"0":0,"1":0,"2":0,"3":0,"4":0,"5":0},"b":{"0":[0],"1":[0],"2":[0,0],"3":[0],"4":[0],"5":[0,0]}}
,"C:\\Users\\Jarum\\UrbanPulse\\frontend\\components\\reports\\create-report\\CreateReportSuccessModal.tsx": {"path":"C:\\Users\\Jarum\\UrbanPulse\\frontend\\components\\reports\\create-report\\CreateReportSuccessModal.tsx","statementMap":{"0":{"start":{"line":12,"column":24},"end":{"line":12,"column":49}},"1":{"start":{"line":3,"column":34},"end":{"line":3,"column":null}},"2":{"start":{"line":4,"column":17},"end":{"line":4,"column":null}},"3":{"start":{"line":5,"column":19},"end":{"line":5,"column":null}},"4":{"start":{"line":16,"column":19},"end":{"line":16,"column":null}},"5":{"start":{"line":17,"column":35},"end":{"line":17,"column":null}},"6":{"start":{"line":20,"column":2},"end":{"line":27,"column":null}},"7":{"start":{"line":21,"column":4},"end":{"line":26,"column":null}},"8":{"start":{"line":22,"column":6},"end":{"line":22,"column":null}},"9":{"start":{"line":23,"column":6},"end":{"line":23,"column":null}},"10":{"start":{"line":25,"column":6},"end":{"line":25,"column":null}},"11":{"start":{"line":31,"column":2},"end":{"line":46,"column":null}},"12":{"start":{"line":32,"column":4},"end":{"line":32,"column":null}},"13":{"start":{"line":32,"column":17},"end":{"line":32,"column":null}},"14":{"start":{"line":34,"column":26},"end":{"line":39,"column":null}},"15":{"start":{"line":35,"column":6},"end":{"line":38,"column":null}},"16":{"start":{"line":36,"column":8},"end":{"line":36,"column":null}},"17":{"start":{"line":37,"column":8},"end":{"line":37,"column":null}},"18":{"start":{"line":41,"column":4},"end":{"line":41,"column":null}},"19":{"start":{"line":43,"column":4},"end":{"line":45,"column":null}},"20":{"start":{"line":44,"column":6},"end":{"line":44,"column":null}},"21":{"start":{"line":48,"column":2},"end":{"line":48,"column":null}},"22":{"start":{"line":48,"column":15},"end":{"line":48,"column":null}},"23":{"start":{"line":57,"column":8},"end":{"line":59,"column":null}},"24":{"start":{"line":58,"column":10},"end":{"line":58,"column":null}}},"fnMap":{"0":{"name":"CreateReportSuccessModal","decl":{"start":{"line":12,"column":24},"end":{"line":12,"column":49}},"loc":{"start":{"line":15,"column":32},"end":{"line":86,"column":null}}},"1":{"name":"(anonymous_3)","decl":{"start":{"line":20,"column":12},"end":{"line":20,"column":null}},"loc":{"start":{"line":20,"column":12},"end":{"line":27,"column":5}}},"2":{"name":"(anonymous_4)","decl":{"start":{"line":31,"column":12},"end":{"line":31,"column":null}},"loc":{"start":{"line":31,"column":12},"end":{"line":46,"column":5}}},"3":{"name":"(anonymous_5)","decl":{"start":{"line":34,"column":26},"end":{"line":34,"column":27}},"loc":{"start":{"line":34,"column":27},"end":{"line":39,"column":null}}},"4":{"name":"(anonymous_6)","decl":{"start":{"line":43,"column":11},"end":{"line":43,"column":null}},"loc":{"start":{"line":43,"column":11},"end":{"line":45,"column":null}}},"5":{"name":"(anonymous_7)","decl":{"start":{"line":56,"column":15},"end":{"line":56,"column":16}},"loc":{"start":{"line":56,"column":16},"end":{"line":60,"column":null}}}},"branchMap":{"0":{"loc":{"start":{"line":21,"column":4},"end":{"line":26,"column":null}},"type":"if","locations":[{"start":{"line":21,"column":4},"end":{"line":26,"column":null}},{"start":{"line":24,"column":11},"end":{"line":26,"column":null}}]},"1":{"loc":{"start":{"line":32,"column":4},"end":{"line":32,"column":null}},"type":"if","locations":[{"start":{"line":32,"column":4},"end":{"line":32,"column":null}}]},"2":{"loc":{"start":{"line":35,"column":6},"end":{"line":38,"column":null}},"type":"if","locations":[{"start":{"line":35,"column":6},"end":{"line":38,"column":null}}]},"3":{"loc":{"start":{"line":48,"column":2},"end":{"line":48,"column":null}},"type":"if","locations":[{"start":{"line":48,"column":2},"end":{"line":48,"column":null}}]},"4":{"loc":{"start":{"line":57,"column":8},"end":{"line":59,"column":null}},"type":"if","locations":[{"start":{"line":57,"column":8},"end":{"line":59,"column":null}}]}},"s":{"0":18,"1":1,"2":1,"3":1,"4":18,"5":18,"6":18,"7":18,"8":17,"9":17,"10":1,"11":18,"12":18,"13":1,"14":17,"15":4,"16":1,"17":1,"18":17,"19":17,"20":17,"21":18,"22":1,"23":2,"24":1},"f":{"0":18,"1":18,"2":18,"3":4,"4":17,"5":2},"b":{"0":[17,1],"1":[1],"2":[1],"3":[1],"4":[1]}}
,"C:\\Users\\Jarum\\UrbanPulse\\frontend\\components\\ui\\AccessibleButton.tsx": {"path":"C:\\Users\\Jarum\\UrbanPulse\\frontend\\components\\ui\\AccessibleButton.tsx","statementMap":{"0":{"start":{"line":26,"column":0},"end":{"line":26,"column":15}},"1":{"start":{"line":1,"column":18},"end":{"line":1,"column":null}},"2":{"start":{"line":9,"column":25},"end":{"line":24,"column":null}},"3":{"start":{"line":26,"column":15},"end":{"line":26,"column":null}}},"fnMap":{"0":{"name":"(anonymous_2)","decl":{"start":{"line":9,"column":25},"end":{"line":9,"column":26}},"loc":{"start":{"line":13,"column":24},"end":{"line":24,"column":null}}}},"branchMap":{"0":{"loc":{"start":{"line":11,"column":2},"end":{"line":11,"column":18}},"type":"default-arg","locations":[{"start":{"line":11,"column":13},"end":{"line":11,"column":18}}]}},"s":{"0":2,"1":1,"2":1,"3":1},"f":{"0":2},"b":{"0":[1]}}
[...]
null}},"14":{"start":{"line":29,"column":4},"end":{"line":29,"column":null}},"15":{"start":{"line":29,"column":37},"end":{"line":29,"column":null}},"16":{"start":{"line":30,"column":4},"end":{"line":30,"column":null}},"17":{"start":{"line":30,"column":44},"end":{"line":30,"column":null}},"18":{"start":{"line":31,"column":4},"end":{"line":31,"column":null}},"19":{"start":{"line":34,"column":18},"end":{"line":34,"column":81}},"20":{"start":{"line":36,"column":4},"end":{"line":42,"column":null}},"21":{"start":{"line":44,"column":24},"end":{"line":49,"column":null}},"22":{"start":{"line":48,"column":4},"end":{"line":48,"column":null}},"23":{"start":{"line":48,"column":27},"end":{"line":48,"column":null}},"24":{"start":{"line":51,"column":25},"end":{"line":53,"column":null}},"25":{"start":{"line":52,"column":4},"end":{"line":52,"column":null}},"26":{"start":{"line":52,"column":27},"end":{"line":52,"column":null}},"27":{"start":{"line":55,"column":19},"end":{"line":59,"column":null}},"28":{"start":{"line":56,"column":4},"end":{"line":56,"column":null}},"29":{"start":{"line":57,"column":4},"end":{"line":57,"column":null}},"30":{"start":{"line":57,"column":18},"end":{"line":57,"column":null}},"31":{"start":{"line":58,"column":4},"end":{"line":58,"column":null}}},"fnMap":{"0":{"name":"RegisterCompletePage","decl":{"start":{"line":21,"column":24},"end":{"line":21,"column":null}},"loc":{"start":{"line":21,"column":24},"end":{"line":471,"column":null}}},"1":{"name":"(anonymous_3)","decl":{"start":{"line":25,"column":27},"end":{"line":25,"column":null}},"loc":{"start":{"line":25,"column":27},"end":{"line":32,"column":5}}},"2":{"name":"(anonymous_4)","decl":{"start":{"line":44,"column":24},"end":{"line":44,"column":null}},"loc":{"start":{"line":46,"column":4},"end":{"line":49,"column":null}}},"3":{"name":"(anonymous_5)","decl":{"start":{"line":48,"column":12},"end":{"line":48,"column":13}},"loc":{"start":{"line":48,"column":27},"end":{"line":48,"column":null}}},"4":{"name":"(anonymous_6)","decl":{"start":{"line":51,"column":25},"end":{"line":51,"column":26}},"loc":{"start":{"line":51,"column":57},"end":{"line":53,"column":null}}},"5":{"name":"(anonymous_7)","decl":{"start":{"line":52,"column":12},"end":{"line":52,"column":13}},"loc":{"start":{"line":52,"column":27},"end":{"line":52,"column":null}}},"6":{"name":"(anonymous_8)","decl":{"start":{"line":55,"column":19},"end":{"line":55,"column":20}},"loc":{"start":{"line":55,"column":20},"end":{"line":59,"column":null}}}},"branchMap":{"0":{"loc":{"start":{"line":27,"column":4},"end":{"line":27,"column":null}},"type":"if","locations":[{"start":{"line":27,"column":4},"end":{"line":27,"column":null}}]},"1":{"loc":{"start":{"line":28,"column":4},"end":{"line":28,"column":null}},"type":"if","locations":[{"start":{"line":28,"column":4},"end":{"line":28,"column":null}}]},"2":{"loc":{"start":{"line":28,"column":8},"end":{"line":28,"column":68}},"type":"binary-expr","locations":[{"start":{"line":28,"column":8},"end":{"line":28,"column":39}},{"start":{"line":28,"column":39},"end":{"line":28,"column":68}}]},"3":{"loc":{"start":{"line":29,"column":4},"end":{"line":29,"column":null}},"type":"if","locations":[{"start":{"line":29,"column":4},"end":{"line":29,"column":null}}]},"4":{"loc":{"start":{"line":30,"column":4},"end":{"line":30,"column":null}},"type":"if","locations":[{"start":{"line":30,"column":4},"end":{"line":30,"column":null}}]},"5":{"loc":{"start":{"line":34,"column":18},"end":{"line":34,"column":81}},"type":"binary-expr","locations":[{"start":{"line":34,"column":18},"end":{"line":34,"column":39}},{"start":{"line":34,"column":43},"end":{"line":34,"column":81}}]},"6":{"loc":{"start":{"line":36,"column":4},"end":{"line":42,"column":null}},"type":"binary-expr","locations":[{"start":{"line":36,"column":4},"end":{"line":36,"column":null}},{"start":{"line":37,"column":4},"end":{"line":37,"column":null}},{"start":{"line":38,"column":4},"end":{"line":38,"column":null}},{"start":{"line":39,"column":4},"end":{"line":39,"column":null}},{"start":{"line":40,"column":4},"end":{"line":40,"column":null}},{"start":{"line":41,"column":4},"end":{"line":41,"column":14}},{"start":{"line":42,"column":4},"end":{"line":42,"column":null}}]},"7":{"loc":{"start":{"line":57,"column":4},"end":{"line":57,"column":null}},"type":"if","locations":[{"start":{"line":57,"column":4},"end":{"line":57,"column":null}}]}},"s":{"0":0,"1":0,"2":0,"3":0,"4":0,"5":0,"6":0,"7":0,"8":0,"9":0,"10":0,"11":0,"12":0,"13":0,"14":0,"15":0,"16":0,"17":0,"18":0,"19":0,"20":0,"21":0,"22":0,"23":0,"24":0,"25":0,"26":0,"27":0,"28":0,"29":0,"30":0,"31":0},"f":{"0":0,"1":0,"2":0,"3":0,"4":0,"5":0,"6":0},"b":{"0":[0],"1":[0],"2":[0,0],"3":[0],"4":[0],"5":[0,0],"6":[0,0,0,0,0,0,0],"7":[0]}}
,"C:\\Users\\Jarum\\UrbanPulse\\frontend\\components\\wireframes\\register-simple\\RegisterSimpleForm.tsx": {"path":"C:\\Users\\Jarum\\UrbanPulse\\frontend\\components\\wireframes\\register-simple\\RegisterSimpleForm.tsx","statementMap":{"0":{"start":{"line":27,"column":24},"end":{"line":27,"column":43}},"1":{"start":{"line":1,"column":17},"end":{"line":1,"column":null}},"2":{"start":{"line":64,"column":35},"end":{"line":64,"column":null}},"3":{"start":{"line":85,"column":35},"end":{"line":85,"column":null}},"4":{"start":{"line":105,"column":35},"end":{"line":105,"column":null}},"5":{"start":{"line":125,"column":35},"end":{"line":125,"column":null}},"6":{"start":{"line":130,"column":14},"end":{"line":131,"column":null}},"7":{"start":{"line":164,"column":35},"end":{"line":164,"column":null}},"8":{"start":{"line":182,"column":33},"end":{"line":182,"column":null}}},"fnMap":{"0":{"name":"RegisterSimpleForm","decl":{"start":{"line":27,"column":24},"end":{"line":27,"column":43}},"loc":{"start":{"line":36,"column":26},"end":{"line":212,"column":null}}},"1":{"name":"(anonymous_3)","decl":{"start":{"line":64,"column":24},"end":{"line":64,"column":25}},"loc":{"start":{"line":64,"column":35},"end":{"line":64,"column":null}}},"2":{"name":"(anonymous_4)","decl":{"start":{"line":85,"column":24},"end":{"line":85,"column":25}},"loc":{"start":{"line":85,"column":35},"end":{"line":85,"column":null}}},"3":{"name":"(anonymous_5)","decl":{"start":{"line":105,"column":24},"end":{"line":105,"column":25}},"loc":{"start":{"line":105,"column":35},"end":{"line":105,"column":null}}},"4":{"name":"(anonymous_6)","decl":{"start":{"line":125,"column":24},"end":{"line":125,"column":25}},"loc":{"start":{"line":125,"column":35},"end":{"line":125,"column":null}}},"5":{"name":"(anonymous_7)","decl":{"start":{"line":129,"column":30},"end":{"line":129,"column":31}},"loc":{"start":{"line":130,"column":14},"end":{"line":131,"column":null}}},"6":{"name":"(anonymous_8)","decl":{"start":{"line":164,"column":24},"end":{"line":164,"column":25}},"loc":{"start":{"line":164,"column":35},"end":{"line":164,"column":null}}},"7":{"name":"(anonymous_9)","decl":{"start":{"line":182,"column":22},"end":{"line":182,"column":23}},"loc":{"start":{"line":182,"column":33},"end":{"line":182,"column":null}}}},"branchMap":{"0":{"loc":{"start":{"line":44,"column":41},"end":{"line":44,"column":67}},"type":"cond-expr","locations":[{"start":{"line":44,"column":55},"end":{"line":44,"column":64}},{"start":{"line":44,"column":64},"end":{"line":44,"column":67}}]},"1":{"loc":{"start":{"line":132,"column":43},"end":{"line":132,"column":76}},"type":"cond-expr","locations":[{"start":{"line":132,"column":62},"end":{"line":132,"column":73}},{"start":{"line":132,"column":73},"end":{"line":132,"column":76}}]},"2":{"loc":{"start":{"line":133,"column":18},"end":{"line":133,"column":null}},"type":"cond-expr","locations":[{"start":{"line":133,"column":34},"end":{"line":133,"column":43}},{"start":{"line":133,"column":43},"end":{"line":133,"column":null}}]},"3":{"loc":{"start":{"line":133,"column":43},"end":{"line":133,"column":null}},"type":"cond-expr","locations":[{"start":{"line":133,"column":60},"end":{"line":133,"column":71}},{"start":{"line":133,"column":71},"end":{"line":133,"column":null}}]},"4":{"loc":{"start":{"line":139,"column":13},"end":{"line":147,"column":null}},"type":"cond-expr","locations":[{"start":{"line":140,"column":16},"end":{"line":140,"column":null}},{"start":{"line":141,"column":16},"end":{"line":147,"column":null}}]},"5":{"loc":{"start":{"line":141,"column":16},"end":{"line":147,"column":null}},"type":"cond-expr","locations":[{"start":{"line":142,"column":18},"end":{"line":142,"column":null}},{"start":{"line":143,"column":18},"end":{"line":147,"column":null}}]},"6":{"loc":{"start":{"line":143,"column":18},"end":{"line":147,"column":null}},"type":"cond-expr","locations":[{"start":{"line":144,"column":20},"end":{"line":144,"column":null}},{"start":{"line":145,"column":20},"end":{"line":147,"column":null}}]},"7":{"loc":{"start":{"line":145,"column":20},"end":{"line":147,"column":null}},"type":"cond-expr","locations":[{"start":{"line":146,"column":22},"end":{"line":146,"column":null}},{"start":{"line":147,"column":22},"end":{"line":147,"column":null}}]},"8":{"loc":{"start":{"line":170,"column":30},"end":{"line":170,"column":62}},"type":"cond-expr","locations":[{"start":{"line":170,"column":46},"end":{"line":170,"column":55}},{"start":{"line":170,"column":55},"end":{"line":170,"column":62}}]}},"s":{"0":0,"1":0,"2":0,"3":0,"4":0,"5":0,"6":0,"7":0,"8":0},"f":{"0":0,"1":0,"2":0,"3":0,"4":0,"5":0,"6":0,"7":0},"b":{"0":[0,0],"1":[0,0],"2":[0,0],"3":[0,0],"4":[0,0],"5":[0,0],"6":[0,0],"7":[0,0],"8":[0,0]}}
,"C:\\Users\\Jarum\\UrbanPulse\\frontend\\components\\wireframes\\register-simple\\RegisterSimpleHeader.tsx": {"path":"C:\\Users\\Jarum\\UrbanPulse\\frontend\\components\\wireframes\\register-simple\\RegisterSimpleHeader.tsx","statementMap":{"0":{"start":{"line":1,"column":24},"end":{"line":1,"column":null}}},"fnMap":{"0":{"name":"RegisterSimpleHeader","decl":{"start":{"line":1,"column":24},"end":{"line":1,"column":null}},"loc":{"start":{"line":1,"column":24},"end":{"line":10,"column":null}}}},"branchMap":{},"s":{"0":0},"f":{"0":0},"b":{}}
,"C:\\Users\\Jarum\\UrbanPulse\\frontend\\components\\wireframes\\register-simple\\RegisterSimplePage.tsx": {"path":"C:\\Users\\Jarum\\UrbanPulse\\frontend\\components\\wireframes\\register-simple\\RegisterSimplePage.tsx","statementMap":{"0":{"start":{"line":17,"column":24},"end":{"line":17,"column":null}},"1":{"start":{"line":3,"column":17},"end":{"line":3,"column":null}},"2":{"start":{"line":4,"column":45},"end":{"line":4,"column":null}},"3":{"start":{"line":5,"column":55},"end":{"line":5,"column":null}},"4":{"start":{"line":6,"column":33},"end":{"line":6,"column":null}},"5":{"start":{"line":8,"column":40},"end":{"line":15,"column":null}},"6":{"start":{"line":18,"column":26},"end":{"line":18,"column":null}},"7":{"start":{"line":19,"column":40},"end":{"line":19,"column":null}},"8":{"start":{"line":21,"column":19},"end":{"line":28,"column":null}},"9":{"start":{"line":22,"column":16},"end":{"line":22,"column":null}},"10":{"start":{"line":23,"column":4},"end":{"line":23,"column":null}},"11":{"start":{"line":23,"column":35},"end":{"line":23,"column":null}},"12":{"start":{"line":24,"column":4},"end":{"line":24,"column":null}},"13":{"start":{"line":24,"column":68},"end":{"line":24,"column":null}},"14":{"start":{"line":25,"column":4},"end":{"line":25,"column":null}},"15":{"start":{"line":25,"column":37},"end":{"line":25,"column":null}},"16":{"start":{"line":26,"column":4},"end":{"line":26,"column":null}},"17":{"start":{"line":26,"column":44},"end":{"line":26,"column":null}},"18":{"start":{"line":27,"column":4},"end":{"line":27,"column":null}},"19":{"start":{"line":30,"column":24},"end":{"line":30,"column":87}},"20":{"start":{"line":32,"column":4},"end":{"line":37,"column":14}},"21":{"start":{"line":39,"column":24},"end":{"line":44,"column":null}},"22":{"start":{"line":43,"column":4},"end":{"line":43,"column":null}},"23":{"start":{"line":43,"column":27},"end":{"line":43,"column":null}},"24":{"start":{"line":46,"column":24},"end":{"line":48,"column":null}},"25":{"start":{"line":47,"column":4},"end":{"line":47,"column":null}},"26":{"start":{"line":47,"column":27},"end":{"line":47,"column":null}},"27":{"start":{"line":50,"column":19},"end":{"line":54,"column":null}},"28":{"start":{"line":51,"column":4},"end":{"line":51,"column":null}},"29":{"start":{"line":52,"column":4},"end":{"line":52,"column":null}},"30":{"start":{"line":52,"column":24},"end":{"line":52,"column":null}},"31":{"start":{"line":53,"column":4},"end":{"line":53,"column":null}}},"fnMap":{"0":{"name":"RegisterSimplePage","decl":{"start":{"line":17,"column":24},"end":{"line":17,"column":null}},"loc":{"start":{"line":17,"column":24},"end":{"line":515,"column":null}}},"1":{"name":"(anonymous_3)","decl":{"start":{"line":21,"column":27},"end":{"line":21,"column":null}},"loc":{"start":{"line":21,"column":27},"end":{"line":28,"column":5}}},"2":{"name":"(anonymous_4)","decl":{"start":{"line":39,"column":24},"end":{"line":39,"column":null}},"loc":{"start":{"line":41,"column":4},"end":{"line":44,"column":null}}},"3":{"name":"(anonymous_5)","decl":{"start":{"line":43,"column":12},"end":{"line":43,"column":13}},"loc":{"start":{"line":43,"column":27},"end":{"line":43,"column":null}}},"4":{"name":"(anonymous_6)","decl":{"start":{"line":46,"column":24},"end":{"line":46,"column":25}},"loc":{"start":{"line":46,"column":25},"end":{"line":48,"column":null}}},"5":{"name":"(anonymous_7)","decl":{"start":{"line":47,"column":12},"end":{"line":47,"column":13}},"loc":{"start":{"line":47,"column":27},"end":{"line":47,"column":null}}},"6":{"name":"(anonymous_8)","decl":{"start":{"line":50,"column":19},"end":{"line":50,"column":20}},"loc":{"start":{"line":50,"column":20},"end":{"line":54,"column":null}}}},"branchMap":{"0":{"loc":{"start":{"line":23,"column":4},"end":{"line":23,"column":null}},"type":"if","locations":[{"start":{"line":23,"column":4},"end":{"line":23,"column":null}}]},"1":{"loc":{"start":{"line":24,"column":4},"end":{"line":24,"column":null}},"type":"if","locations":[{"start":{"line":24,"column":4},"end":{"line":24,"column":null}}]},"2":{"loc":{"start":{"line":24,"column":8},"end":{"line":24,"column":68}},"type":"binary-expr","locations":[{"start":{"line":24,"column":8},"end":{"line":24,"column":39}},{"start":{"line":24,"column":39},"end":{"line":24,"column":68}}]},"3":{"loc":{"start":{"line":25,"column":4},"end":{"line":25,"column":null}},"type":"if","locations":[{"start":{"line":25,"column":4},"end":{"line":25,"column":null}}]},"4":{"loc":{"start":{"line":26,"column":4},"end":{"line":26,"column":null}},"type":"if","locations":[{"start":{"line":26,"column":4},"end":{"line":26,"column":null}}]},"5":{"loc":{"start":{"line":30,"column":24},"end":{"line":30,"column":87}},"type":"binary-expr","locations":[{"start":{"line":30,"column":24},"end":{"line":30,"column":45}},{"start":{"line":30,"column":49},"end":{"line":30,"column":87}}]},"6":{"loc":{"start":{"line":32,"column":4},"end":{"line":37,"column":14}},"type":"binary-expr","locations":[{"start":{"line":32,"column":4},"end":{"line":32,"column":null}},{"start":{"line":33,"column":4},"end":{"line":33,"column":null}},{"start":{"line":34,"column":4},"end":{"line":34,"column":null}},{"start":{"line":35,"column":4},"end":{"line":35,"column":null}},{"start":{"line":36,"column":4},"end":{"line":36,"column":null}},{"start":{"line":37,"column":4},"end":{"line":37,"column":14}}]},"7":{"loc":{"start":{"line":52,"column":4},"end":{"line":52,"column":null}},"type":"if","locations":[{"start":{"line":52,"column":4},"end":{"line":52,"column":null}}]}},"s":{"0":0,"1":0,"2":0,"3":0,"4":0,"5":0,"6":0,"7":0,"8":0,"9":0,"10":0,"11":0,"12":0,"13":0,"14":0,"15":0,"16":0,"17":0,"18":0,"19":0,"20":0,"21":0,"22":0,"23":0,"24":0,"25":0,"26":0,"27":0,"28":0,"29":0,"30":0,"31":0},"f":{"0":0,"1":0,"2":0,"3":0,"4":0,"5":0,"6":0},"b":{"0":[0],"1":[0],"2":[0,0],"3":[0],"4":[0],"5":[0,0],"6":[0,0,0,0,0,0],"7":[0]}}
,"C:\\Users\\Jarum\\UrbanPulse\\frontend\\components\\wireframes\\shared\\useArrowMenuNavigation.ts": {"path":"C:\\Users\\Jarum\\UrbanPulse\\frontend\\components\\wireframes\\shared\\useArrowMenuNavigation.ts","statementMap":{"0":{"start":{"line":6,"column":16},"end":{"line":6,"column":null}},"1":{"start":{"line":4,"column":23},"end":{"line":4,"column":null}},"2":{"start":{"line":7,"column":19},"end":{"line":7,"column":null}},"3":{"start":{"line":9,"column":20},"end":{"line":40,"column":null}},"4":{"start":{"line":10,"column":22},"end":{"line":10,"column":null}},"5":{"start":{"line":11,"column":4},"end":{"line":13,"column":null}},"6":{"start":{"line":12,"column":6},"end":{"line":12,"column":null}},"7":{"start":{"line":15,"column":18},"end":{"line":15,"column":null}},"8":{"start":{"line":15,"column":63},"end":{"line":15,"column":null}},"9":{"start":{"line":16,"column":4},"end":{"line":18,"column":null}},"10":{"start":{"line":17,"column":6},"end":{"line":17,"column":null}},"11":{"start":{"line":20,"column":25},"end":{"line":20,"column":null}},"12":{"start":{"line":20,"column":51},"end":{"line":20,"column":82}},"13":{"start":{"line":21,"column":4},"end":{"line":23,"column":null}},"14":{"start":{"line":22,"column":6},"end":{"line":22,"column":null}},"15":{"start":{"line":25,"column":4},"end":{"line":25,"column":null}},"16":{"start":{"line":27,"column":4},"end":{"line":30,"column":null}},"17":{"start":{"line":28,"column":6},"end":{"line":28,"column":null}},"18":{"start":{"line":29,"column":6},"end":{"line":29,"column":null}},"19":{"start":{"line":32,"column":4},"end":{"line":35,"column":null}},"20":{"start":{"line":33,"column":6},"end":{"line":33,"column":null}},"21":{"start":{"line":34,"column":6},"end":{"line":34,"column":null}},"22":{"start":{"line":37,"column":18},"end":{"line":37,"column":null}},"23":{"start":{"line":38,"column":22},"end":{"line":38,"column":74}},"24":{"start":{"line":39,"column":4},"end":{"line":39,"column":null}},"25":{"start":{"line":42,"column":2},"end":{"line":42,"column":null}}},"fnMap":{"0":{"name":"useArrowMenuNavigation","decl":{"start":{"line":6,"column":16},"end":{"line":6,"column":null}},"loc":{"start":{"line":6,"column":16},"end":{"line":43,"column":null}}},"1":{"name":"(anonymous_2)","decl":{"start":{"line":9,"column":20},"end":{"line":9,"column":21}},"loc":{"start":{"line":9,"column":21},"end":{"line":40,"column":null}}},"2":{"name":"(anonymous_3)","decl":{"start":{"line":15,"column":42},"end":{"line":15,"column":43}},"loc":{"start":{"line":15,"column":63},"end":{"line":15,"column":null}}},"3":{"name":"(anonymous_4)","decl":{"start":{"line":20,"column":41},"end":{"line":20,"column":42}},"loc":{"start":{"line":20,"column":51},"end":{"line":20,"column":82}}}},"branchMap":{"0":{"loc":{"start":{"line":11,"column":4},"end":{"line":13,"column":null}},"type":"if","locations":[{"start":{"line":11,"column":4},"end":{"line":13,"column":null}}]},"1":{"loc":{"start":{"line":16,"column":4},"end":{"line":18,"column":null}},"type":"if","locations":[{"start":{"line":16,"column":4},"end":{"line":18,"column":null}}]},"2":{"loc":{"start":{"line":21,"column":4},"end":{"line":23,"column":null}},"type":"if","locations":[{"start":{"line":21,"column":4},"end":{"line":23,"column":null}}]},"3":{"loc":{"start":{"line":27,"column":4},"end":{"line":30,"column":null}},"type":"if","locations":[{"start":{"line":27,"column":4},"end":{"line":30,"column":null}}]},"4":{"loc":{"start":{"line":32,"column":4},"end":{"line":35,"column":null}},"type":"if","locations":[{"start":{"line":32,"column":4},"end":{"line":35,"column":null}}]},"5":{"loc":{"start":{"line":37,"column":18},"end":{"line":37,"column":null}},"type":"cond-expr","locations":[{"start":{"line":37,"column":47},"end":{"line":37,"column":51}},{"start":{"line":37,"column":51},"end":{"line":37,"column":null}}]}},"s":{"0":0,"1":0,"2":0,"3":0,"4":0,"5":0,"6":0,"7":0,"8":0,"9":0,"10":0,"11":0,"12":0,"13":0,"14":0,"15":0,"16":0,"17":0,"18":0,"19":0,"20":0,"21":0,"22":0,"23":0,"24":0,"25":0},"f":{"0":0,"1":0,"2":0,"3":0},"b":{"0":[0],"1":[0],"2":[0],"3":[0],"4":[0],"5":[0,0]}}
}
