TN:
SF:app\error.tsx
FN:11,ErrorPage
FN:12,(anonymous_3)
FN:36,(anonymous_4)
FNF:3
FNH:0
FNDA:0,ErrorPage
FNDA:0,(anonymous_3)
FNDA:0,(anonymous_4)
DA:3,0
DA:4,0
DA:11,0
DA:12,0
DA:13,0
DA:36,0
LF:6
LH:0
BRDA:50,0,0,0
BRDA:50,0,1,0
BRF:2
BRH:0
end_of_record
TN:
SF:app\layout.tsx
FN:11,RootLayout
FNF:1
FNH:0
FNDA:0,RootLayout
DA:1,0
DA:2,0
DA:3,0
DA:6,0
DA:11,0
LF:5
LH:0
BRF:0
BRH:0
end_of_record
TN:
SF:app\not-found.tsx
FN:1,NotFound
FNF:1
FNH:0
FNDA:0,NotFound
DA:1,0
LF:1
LH:0
BRF:0
BRH:0
end_of_record
TN:
SF:app\page.tsx
FN:3,IndexWireframePage
FNF:1
FNH:0
FNDA:0,IndexWireframePage
DA:1,0
DA:3,0
DA:4,0
LF:3
LH:0
BRF:0
BRH:0
end_of_record
TN:
SF:app\admin\dashboard\page.tsx
FN:1,AdminDashboardPage
FNF:1
FNH:0
FNDA:0,AdminDashboardPage
DA:1,0
LF:1
LH:0
BRF:0
BRH:0
end_of_record
TN:
SF:app\admin\moderation\page.tsx
FN:1,AdminModerationPage
FNF:1
FNH:0
FNDA:0,AdminModerationPage
DA:1,0
LF:1
LH:0
BRF:0
BRH:0
end_of_record
TN:
SF:app\api\auth\login\route.ts
FN:8,POST
FNF:1
FNH:0
FNDA:0,POST
DA:1,0
DA:2,0
DA:3,0
DA:4,0
DA:6,0
DA:8,0
DA:9,0
DA:11,0
DA:12,0
DA:14,0
DA:15,0
DA:22,0
DA:26,0
DA:27,0
DA:34,0
DA:36,0
DA:37,0
DA:44,0
DA:50,0
DA:51,0
DA:54,0
DA:68,0
DA:77,0
DA:85,0
DA:87,0
DA:88,0
LF:26
LH:0
BRDA:14,0,0,0
BRDA:14,1,0,0
BRDA:14,1,1,0
BRDA:26,2,0,0
BRDA:36,3,0,0
BRF:5
BRH:0
end_of_record
TN:
SF:app\api\auth\register\route.ts
FN:8,POST
FNF:1
FNH:0
FNDA:0,POST
DA:1,0
DA:2,0
DA:3,0
DA:4,0
DA:6,0
DA:8,0
DA:9,0
DA:11,0
DA:12,0
DA:14,0
DA:15,0
DA:22,0
DA:23,0
DA:24,0
DA:31,0
DA:32,0
DA:39,0
DA:43,0
DA:44,0
DA:51,0
DA:53,0
DA:70,0
DA:76,0
DA:77,0
DA:80,0
DA:94,0
DA:103,0
DA:111,0
DA:113,0
DA:114,0
LF:30
LH:0
BRDA:14,0,0,0
BRDA:14,1,0,0
BRDA:14,1,1,0
BRDA:14,1,2,0
BRDA:23,2,0,0
BRDA:31,3,0,0
BRDA:43,4,0,0
BRF:7
BRH:0
end_of_record
TN:
SF:app\api\reports\route.ts
FN:7,GET
FN:39,POST
FNF:2
FNH:0
FNDA:0,GET
FNDA:0,POST
DA:2,0
DA:3,0
DA:5,0
DA:7,0
DA:8,0
DA:9,0
DA:29,0
DA:31,0
DA:32,0
DA:39,0
DA:40,0
DA:41,0
DA:42,0
DA:44,0
DA:45,0
DA:52,0
DA:56,0
DA:57,0
DA:63,0
DA:73,0
DA:75,0
DA:76,0
LF:22
LH:0
BRDA:44,0,0,0
BRDA:44,1,0,0
BRDA:44,1,1,0
BRDA:44,1,2,0
BRDA:56,2,0,0
BRF:5
BRH:0
end_of_record
TN:
SF:app\api\reports\[id]\route.ts
FN:6,GET
FNF:1
FNH:0
FNDA:0,GET
DA:1,0
DA:2,0
DA:4,0
DA:6,0
DA:10,0
DA:11,0
DA:13,0
DA:45,0
DA:46,0
DA:52,0
DA:54,0
DA:55,0
LF:12
LH:0
BRDA:45,0,0,0
BRF:1
BRH:0
end_of_record
TN:
SF:app\auth\login\page.tsx
FN:3,AuthLoginPage
FNF:1
FNH:0
FNDA:0,AuthLoginPage
DA:1,0
DA:3,0
DA:4,0
LF:3
LH:0
BRF:0
BRH:0
end_of_record
TN:
SF:app\auth\register\page.tsx
FN:3,RegisterRoutePage
FNF:1
FNH:0
FNDA:0,RegisterRoutePage
DA:1,0
DA:3,0
DA:4,0
LF:3
LH:0
BRF:0
BRH:0
end_of_record
TN:
SF:app\auth\register\complete\page.tsx
FN:3,RegisterCompleteRoutePage
FNF:1
FNH:0
FNDA:0,RegisterCompleteRoutePage
DA:1,0
DA:3,0
DA:4,0
LF:3
LH:0
BRF:0
BRH:0
end_of_record
TN:
SF:app\auth\register\simple\page.tsx
FN:3,RegisterSimpleRoutePage
FNF:1
FNH:0
FNDA:0,RegisterSimpleRoutePage
DA:1,0
DA:3,0
DA:4,0
LF:3
LH:0
BRF:0
BRH:0
end_of_record
TN:
SF:app\dashboard\create-report\page.tsx
FN:24,CreateReportPage
FNF:1
FNH:0
FNDA:0,CreateReportPage
DA:1,0
DA:2,0
DA:3,0
DA:4,0
DA:5,0
DA:7,0
DA:13,0
DA:19,0
DA:24,0
LF:9
LH:0
BRF:0
BRH:0
end_of_record
TN:
SF:app\dashboard\home\page.tsx
FN:1,DashboardHomePage
FNF:1
FNH:0
FNDA:0,DashboardHomePage
DA:1,0
LF:1
LH:0
BRF:0
BRH:0
end_of_record
TN:
SF:app\dashboard\profile\page.tsx
FN:1,DashboardProfilePage
FNF:1
FNH:0
FNDA:0,DashboardProfilePage
DA:1,0
LF:1
LH:0
BRF:0
BRH:0
end_of_record
TN:
SF:app\public\explore\page.tsx
FN:3,ExploreRoutePage
FNF:1
FNH:0
FNDA:0,ExploreRoutePage
DA:1,0
DA:3,0
DA:4,0
LF:3
LH:0
BRF:0
BRH:0
end_of_record
TN:
SF:app\public\explore\detail\page.tsx
FN:3,ExploreDetailRoutePage
FNF:1
FNH:0
FNDA:0,ExploreDetailRoutePage
DA:1,0
DA:3,0
DA:4,0
LF:3
LH:0
BRF:0
BRH:0
end_of_record
TN:
SF:app\public\index-wireframe\page.tsx
FN:3,IndexWireframePage
FNF:1
FNH:0
FNDA:0,IndexWireframePage
DA:1,0
DA:3,0
DA:4,0
LF:3
LH:0
BRF:0
BRH:0
end_of_record
TN:
SF:components\forms\LoginForm.tsx
FN:5,LoginForm
FN:10,(anonymous_2)
FN:32,(anonymous_3)
FN:42,(anonymous_4)
FNF:4
FNH:1
FNDA:1,LoginForm
FNDA:0,(anonymous_2)
FNDA:0,(anonymous_3)
FNDA:0,(anonymous_4)
DA:3,1
DA:5,1
DA:6,1
DA:7,1
DA:8,1
DA:10,1
DA:11,0
DA:13,0
DA:14,0
DA:15,0
DA:18,0
DA:19,0
DA:32,0
DA:42,0
LF:14
LH:6
BRDA:13,0,0,0
BRDA:13,1,0,0
BRDA:13,1,1,0
BRDA:46,2,0,1
BRF:4
BRH:1
end_of_record
TN:
SF:components\forms\ReportForm.tsx
FN:3,ReportForm
FN:9,(anonymous_2)
FN:14,(anonymous_3)
FN:15,(anonymous_4)
FN:25,(anonymous_5)
FN:37,(anonymous_6)
FN:50,(anonymous_7)
FNF:7
FNH:7
FNDA:109,ReportForm
FNDA:1,(anonymous_2)
FNDA:101,(anonymous_3)
FNDA:101,(anonymous_4)
FNDA:31,(anonymous_5)
FNDA:41,(anonymous_6)
FNDA:29,(anonymous_7)
DA:2,1
DA:3,8
DA:4,109
DA:9,109
DA:10,1
DA:11,1
DA:14,109
DA:15,101
DA:25,31
DA:37,41
DA:50,29
LF:11
LH:11
BRF:0
BRH:0
end_of_record
TN:
SF:components\layout\Breadcrumb.tsx
FN:29,generateBreadcrumbsFromPathname
FN:38,(anonymous_3)
FN:47,formatPathToLabel
FN:50,(anonymous_5)
FN:54,Breadcrumb
FN:65,(anonymous_7)
FNF:6
FNH:2
FNDA:0,generateBreadcrumbsFromPathname
FNDA:0,(anonymous_3)
FNDA:0,formatPathToLabel
FNDA:0,(anonymous_5)
FNDA:1,Breadcrumb
FNDA:2,(anonymous_7)
DA:2,1
DA:3,1
DA:10,1
DA:30,0
DA:31,0
DA:34,0
DA:35,0
DA:37,0
DA:38,0
DA:39,0
DA:40,0
DA:41,0
DA:44,0
DA:48,0
DA:50,0
DA:54,1
DA:55,1
DA:56,1
DA:58,1
DA:59,0
DA:66,2
DA:68,2
LF:22
LH:9
BRDA:30,0,0,0
BRDA:30,1,0,0
BRDA:30,1,1,0
BRDA:40,2,0,0
BRDA:40,2,1,0
BRDA:56,3,0,1
BRDA:56,3,1,0
BRDA:58,4,0,0
BRDA:58,5,0,1
BRDA:58,5,1,1
BRDA:70,6,0,2
BRDA:88,7,0,1
BRF:12
BRH:5
end_of_record
TN:
SF:components\layout\Navbar.tsx
FN:12,Navbar
FN:23,(anonymous_3)
FN:29,(anonymous_4)
FN:34,(anonymous_5)
FN:63,(anonymous_6)
FN:73,(anonymous_7)
FNF:6
FNH:6
FNDA:27,Navbar
FNDA:4,(anonymous_3)
FNDA:12,(anonymous_4)
FNDA:4,(anonymous_5)
FNDA:100,(anonymous_6)
FNDA:192,(anonymous_7)
DA:2,4
DA:4,4
DA:5,4
DA:12,25
DA:13,27
DA:14,27
DA:16,25
DA:23,25
DA:24,4
DA:25,4
DA:26,1
DA:29,12
DA:30,3
DA:31,0
DA:34,4
DA:35,3
DA:36,0
DA:39,3
DA:41,3
DA:42,1
DA:43,1
DA:46,2
DA:47,1
DA:48,1
DA:51,1
DA:52,1
DA:53,1
DA:54,1
DA:65,100
DA:69,100
DA:74,192
LF:31
LH:29
BRDA:25,0,0,1
BRDA:30,1,0,0
BRDA:35,2,0,0
BRDA:41,3,0,1
BRDA:46,4,0,1
BRDA:51,5,0,1
BRDA:51,5,1,0
BRDA:52,6,0,1
BRDA:52,6,1,0
BRDA:65,7,0,25
BRDA:65,7,1,75
BRDA:77,8,0,8
BRDA:77,8,1,92
BRF:13
BRH:9
end_of_record
TN:
SF:components\navigation\Breadcrumb.tsx
FN:29,generateBreadcrumbsFromPathname
FN:38,(anonymous_3)
FN:47,formatPathToLabel
FN:50,(anonymous_5)
FN:54,Breadcrumb
FN:65,(anonymous_7)
FNF:6
FNH:2
FNDA:0,generateBreadcrumbsFromPathname
FNDA:0,(anonymous_3)
FNDA:0,formatPathToLabel
FNDA:0,(anonymous_5)
FNDA:13,Breadcrumb
FNDA:34,(anonymous_7)
DA:2,1
DA:3,1
DA:10,1
DA:30,0
DA:31,0
DA:34,0
DA:35,0
DA:37,0
DA:38,0
DA:39,0
DA:40,0
DA:41,0
DA:44,0
DA:48,0
DA:50,0
DA:54,13
DA:55,13
DA:56,13
DA:58,13
DA:59,2
DA:66,34
DA:68,34
LF:22
LH:10
BRDA:30,0,0,0
BRDA:30,1,0,0
BRDA:30,1,1,0
BRDA:40,2,0,0
BRDA:40,2,1,0
BRDA:56,3,0,13
BRDA:56,3,1,0
BRDA:58,4,0,2
BRDA:58,5,0,13
BRDA:58,5,1,13
BRDA:70,6,0,34
BRDA:88,7,0,11
BRF:12
BRH:6
end_of_record
TN:
SF:components\providers\auth-provider.tsx
FN:21,AuthProvider
FN:25,(anonymous_4)
FN:41,(anonymous_5)
FN:64,(anonymous_6)
FN:76,useAuth
FNF:5
FNH:0
FNDA:0,AuthProvider
FNDA:0,(anonymous_4)
FNDA:0,(anonymous_5)
FNDA:0,(anonymous_6)
FNDA:0,useAuth
DA:3,0
DA:19,0
DA:21,0
DA:22,0
DA:23,0
DA:25,0
DA:27,0
DA:28,0
DA:30,0
DA:36,0
DA:38,0
DA:41,0
DA:42,0
DA:44,0
DA:45,0
DA:53,0
DA:54,0
DA:55,0
DA:57,0
DA:59,0
DA:60,0
DA:64,0
DA:65,0
DA:66,0
DA:76,0
DA:77,0
DA:78,0
DA:79,0
DA:81,0
LF:29
LH:0
BRDA:28,0,0,0
BRDA:44,1,0,0
BRDA:44,2,0,0
BRDA:44,2,1,0
BRDA:78,3,0,0
BRF:5
BRH:0
end_of_record
TN:
SF:components\providers\theme-provider.tsx
FN:9,ThemeProvider
FNF:1
FNH:0
FNDA:0,ThemeProvider
DA:3,0
DA:4,0
DA:9,0
LF:3
LH:0
BRF:0
BRH:0
end_of_record
TN:
SF:components\reports\ReportList.tsx
FN:8,ReportList
FN:13,(anonymous_3)
FN:16,(anonymous_4)
FN:17,(anonymous_5)
FN:20,(anonymous_6)
FN:30,(anonymous_7)
FN:51,(anonymous_8)
FN:64,(anonymous_9)
FNF:8
FNH:0
FNDA:0,ReportList
FNDA:0,(anonymous_3)
FNDA:0,(anonymous_4)
FNDA:0,(anonymous_5)
FNDA:0,(anonymous_6)
FNDA:0,(anonymous_7)
FNDA:0,(anonymous_8)
FNDA:0,(anonymous_9)
DA:2,0
DA:3,0
DA:4,0
DA:5,0
DA:6,0
DA:8,0
DA:9,0
DA:10,0
DA:11,0
DA:13,0
DA:14,0
DA:16,0
DA:17,0
DA:20,0
DA:21,0
DA:22,0
DA:23,0
DA:24,0
DA:25,0
DA:26,0
DA:30,0
DA:31,0
DA:32,0
DA:33,0
DA:34,0
DA:35,0
DA:36,0
DA:51,0
DA:65,0
LF:29
LH:0
BRDA:21,0,0,0
BRDA:21,0,1,0
BRDA:21,0,2,0
BRDA:21,0,3,0
BRDA:21,0,4,0
BRDA:31,1,0,0
BRDA:31,1,1,0
BRDA:31,1,2,0
BRDA:31,1,3,0
BRDA:31,1,4,0
BRDA:43,2,0,0
BRDA:48,3,0,0
BRDA:58,4,0,0
BRF:13
BRH:0
end_of_record
TN:
SF:components\reports\create-report\CreateReportForm.tsx
FN:23,CreateReportForm
FN:45,(anonymous_3)
FN:49,(anonymous_4)
FN:50,(anonymous_5)
FN:51,(anonymous_6)
FN:57,(anonymous_7)
FN:58,(anonymous_8)
FN:65,(anonymous_9)
FN:70,(anonymous_10)
FN:73,(anonymous_11)
FN:74,(anonymous_12)
FN:75,(anonymous_13)
FN:79,(anonymous_14)
FN:83,(anonymous_15)
FN:96,(anonymous_16)
FN:109,(anonymous_17)
FN:120,(anonymous_18)
FN:130,(anonymous_19)
FN:154,(anonymous_20)
FN:169,(anonymous_21)
FN:193,(anonymous_22)
FN:212,(anonymous_23)
FN:213,(anonymous_24)
FN:217,(anonymous_25)
FN:218,(anonymous_26)
FN:236,(anonymous_27)
FN:243,(anonymous_28)
FN:249,(anonymous_29)
FN:275,(anonymous_30)
FN:320,(anonymous_31)
FN:339,(anonymous_32)
FN:355,(anonymous_33)
FN:372,(anonymous_34)
FN:389,(anonymous_35)
FN:425,(anonymous_36)
FNF:35
FNH:0
FNDA:0,CreateReportForm
FNDA:0,(anonymous_3)
FNDA:0,(anonymous_4)
FNDA:0,(anonymous_5)
FNDA:0,(anonymous_6)
FNDA:0,(anonymous_7)
FNDA:0,(anonymous_8)
FNDA:0,(anonymous_9)
FNDA:0,(anonymous_10)
FNDA:0,(anonymous_11)
FNDA:0,(anonymous_12)
FNDA:0,(anonymous_13)
FNDA:0,(anonymous_14)
FNDA:0,(anonymous_15)
FNDA:0,(anonymous_16)
FNDA:0,(anonymous_17)
FNDA:0,(anonymous_18)
FNDA:0,(anonymous_19)
FNDA:0,(anonymous_20)
FNDA:0,(anonymous_21)
FNDA:0,(anonymous_22)
FNDA:0,(anonymous_23)
FNDA:0,(anonymous_24)
FNDA:0,(anonymous_25)
FNDA:0,(anonymous_26)
FNDA:0,(anonymous_27)
FNDA:0,(anonymous_28)
FNDA:0,(anonymous_29)
FNDA:0,(anonymous_30)
FNDA:0,(anonymous_31)
FNDA:0,(anonymous_32)
FNDA:0,(anonymous_33)
FNDA:0,(anonymous_34)
FNDA:0,(anonymous_35)
FNDA:0,(anonymous_36)
DA:3,0
DA:5,0
DA:6,0
DA:7,0
DA:21,0
DA:23,0
DA:24,0
DA:25,0
DA:26,0
DA:27,0
DA:28,0
DA:29,0
DA:30,0
DA:31,0
DA:32,0
DA:33,0
DA:37,0
DA:38,0
DA:39,0
DA:40,0
DA:42,0
DA:43,0
DA:45,0
DA:46,0
DA:49,0
DA:50,0
DA:51,0
DA:52,0
DA:57,0
DA:58,0
DA:60,0
DA:61,0
DA:62,0
DA:65,0
DA:70,0
DA:73,0
DA:74,0
DA:75,0
DA:76,0
DA:77,0
DA:79,0
DA:83,0
DA:84,0
DA:85,0
DA:89,0
DA:92,0
DA:93,0
DA:95,0
DA:97,0
DA:98,0
DA:99,0
DA:101,0
DA:102,0
DA:106,0
DA:107,0
DA:110,0
DA:114,0
DA:115,0
DA:120,0
DA:121,0
DA:123,0
DA:124,0
DA:125,0
DA:128,0
DA:130,0
DA:131,0
DA:132,0
DA:154,0
DA:169,0
DA:193,0
DA:212,0
DA:214,0
DA:215,0
DA:217,0
DA:219,0
DA:220,0
DA:221,0
DA:237,0
DA:238,0
DA:239,0
DA:244,0
DA:249,0
DA:275,0
DA:320,0
DA:339,0
DA:355,0
DA:372,0
DA:389,0
DA:425,0
LF:89
LH:0
BRDA:60,0,0,0
BRDA:76,1,0,0
BRDA:84,2,0,0
BRDA:123,3,0,0
BRDA:156,4,0,0
BRDA:156,4,1,0
BRDA:195,5,0,0
BRDA:195,5,1,0
BRDA:211,6,0,0
BRDA:211,6,1,0
BRDA:237,7,0,0
BRDA:237,7,1,0
BRDA:284,8,0,0
BRDA:289,9,0,0
BRDA:303,10,0,0
BRDA:303,10,1,0
BRDA:407,11,0,0
BRF:17
BRH:0
end_of_record
TN:
SF:components\reports\create-report\CreateReportHeader.tsx
FN:3,CreateReportHeader
FNF:1
FNH:0
FNDA:0,CreateReportHeader
DA:1,0
DA:3,0
LF:2
LH:0
BRF:0
BRH:0
end_of_record
TN:
SF:components\reports\create-report\CreateReportNavbar.tsx
FN:13,CreateReportNavbar
FN:16,(anonymous_3)
FN:22,(anonymous_4)
FN:23,(anonymous_5)
FN:49,(anonymous_6)
FN:53,(anonymous_7)
FNF:6
FNH:0
FNDA:0,CreateReportNavbar
FNDA:0,(anonymous_3)
FNDA:0,(anonymous_4)
FNDA:0,(anonymous_5)
FNDA:0,(anonymous_6)
FNDA:0,(anonymous_7)
DA:3,0
DA:5,0
DA:6,0
DA:8,0
DA:13,0
DA:14,0
DA:16,0
DA:17,0
DA:18,0
DA:19,0
DA:22,0
DA:23,0
DA:24,0
DA:25,0
DA:28,0
DA:30,0
DA:31,0
DA:32,0
DA:35,0
DA:36,0
DA:37,0
DA:40,0
DA:41,0
DA:42,0
DA:50,0
DA:54,0
LF:26
LH:0
BRDA:18,0,0,0
BRDA:24,1,0,0
BRDA:24,2,0,0
BRDA:24,2,1,0
BRDA:30,3,0,0
BRDA:35,4,0,0
BRDA:40,5,0,0
BRDA:40,5,1,0
BRF:8
BRH:0
end_of_record
TN:
SF:components\reports\create-report\CreateReportSuccessModal.tsx
FN:12,CreateReportSuccessModal
FN:20,(anonymous_3)
FN:31,(anonymous_4)
FN:34,(anonymous_5)
FN:43,(anonymous_6)
FN:56,(anonymous_7)
FNF:6
FNH:6
FNDA:18,CreateReportSuccessModal
FNDA:18,(anonymous_3)
FNDA:18,(anonymous_4)
FNDA:4,(anonymous_5)
FNDA:17,(anonymous_6)
FNDA:2,(anonymous_7)
DA:3,1
DA:4,1
DA:5,1
DA:12,18
DA:16,18
DA:17,18
DA:20,18
DA:21,18
DA:22,17
DA:23,17
DA:25,1
DA:31,18
DA:32,18
DA:34,17
DA:35,4
DA:36,1
DA:37,1
DA:41,17
DA:43,17
DA:44,17
DA:48,18
DA:57,2
DA:58,1
LF:23
LH:23
BRDA:21,0,0,17
BRDA:21,0,1,1
BRDA:32,1,0,1
BRDA:35,2,0,1
BRDA:48,3,0,1
BRDA:57,4,0,1
BRF:6
BRH:6
end_of_record
TN:
SF:components\ui\AccessibleButton.tsx
FN:9,(anonymous_2)
FNF:1
FNH:1
FNDA:2,(anonymous_2)
DA:1,1
DA:9,1
DA:26,2
LF:3
LH:3
BRDA:11,0,0,1
BRF:1
BRH:1
end_of_record
TN:
SF:components\ui\EmptyState.tsx
FN:13,EmptyState
FNF:1
FNH:0
FNDA:0,EmptyState
DA:1,0
DA:13,0
DA:21,0
DA:22,0
LF:4
LH:0
BRDA:21,0,0,0
BRDA:21,0,1,0
BRDA:22,1,0,0
BRDA:22,1,1,0
BRDA:22,1,2,0
BRDA:31,2,0,0
BRDA:52,3,0,0
BRDA:52,3,1,0
BRDA:52,4,0,0
BRDA:52,4,1,0
BRDA:61,5,0,0
BRDA:61,5,1,0
BRDA:61,6,0,0
BRDA:61,6,1,0
BRF:14
BRH:0
end_of_record
TN:
SF:components\ui\Loader.tsx
FN:13,Loader
FNF:1
FNH:0
FNDA:0,Loader
DA:7,0
DA:13,0
DA:28,0
DA:32,0
LF:4
LH:0
BRDA:14,0,0,0
BRDA:15,1,0,0
BRDA:16,2,0,0
BRDA:28,3,0,0
BRF:4
BRH:0
end_of_record
TN:
SF:components\ui\Skeleton.tsx
FN:9,Skeleton
FN:18,ListSkeleton
FN:21,(anonymous_7)
FN:28,CardSkeleton
FN:38,ReportListSkeleton
FN:41,(anonymous_10)
FNF:6
FNH:0
FNDA:0,Skeleton
FNDA:0,ListSkeleton
FNDA:0,(anonymous_7)
FNDA:0,CardSkeleton
FNDA:0,ReportListSkeleton
FNDA:0,(anonymous_10)
DA:9,0
DA:18,0
DA:22,0
DA:28,0
DA:38,0
DA:42,0
LF:6
LH:0
BRDA:9,0,0,0
BRDA:18,1,0,0
BRDA:38,2,0,0
BRF:3
BRH:0
end_of_record
TN:
SF:components\wireframes\explore\ExploreFilters.tsx
FN:1,ExploreFilters
FNF:1
FNH:0
FNDA:0,ExploreFilters
DA:1,0
LF:1
LH:0
BRF:0
BRH:0
end_of_record
TN:
SF:components\wireframes\explore\ExploreNavbar.tsx
FN:9,ExploreNavbar
FN:20,(anonymous_3)
FN:31,(anonymous_4)
FN:41,(anonymous_5)
FN:51,(anonymous_6)
FN:62,(anonymous_7)
FNF:6
FNH:0
FNDA:0,ExploreNavbar
FNDA:0,(anonymous_3)
FNDA:0,(anonymous_4)
FNDA:0,(anonymous_5)
FNDA:0,(anonymous_6)
FNDA:0,(anonymous_7)
DA:1,0
DA:9,0
DA:21,0
DA:32,0
DA:42,0
DA:52,0
DA:63,0
LF:7
LH:0
BRF:0
BRH:0
end_of_record
TN:
SF:components\wireframes\explore\ExplorePage.tsx
FN:22,mapApiReportToExplore
FN:43,ExplorePage
FN:49,(anonymous_4)
FN:51,(anonymous_5)
FN:55,(anonymous_6)
FN:56,(anonymous_7)
FN:59,(anonymous_8)
FN:60,(anonymous_9)
FN:61,(anonymous_10)
FN:89,(anonymous_11)
FNF:10
FNH:0
FNDA:0,mapApiReportToExplore
FNDA:0,ExplorePage
FNDA:0,(anonymous_4)
FNDA:0,(anonymous_5)
FNDA:0,(anonymous_6)
FNDA:0,(anonymous_7)
FNDA:0,(anonymous_8)
FNDA:0,(anonymous_9)
FNDA:0,(anonymous_10)
FNDA:0,(anonymous_11)
DA:3,0
DA:4,0
DA:5,0
DA:6,0
DA:7,0
DA:8,0
DA:23,0
DA:30,0
DA:43,0
DA:44,0
DA:45,0
DA:46,0
DA:47,0
DA:49,0
DA:50,0
DA:52,0
DA:53,0
DA:55,0
DA:56,0
DA:59,0
DA:60,0
DA:61,0
DA:62,0
DA:69,0
DA:82,0
DA:89,0
LF:26
LH:0
BRDA:35,0,0,0
BRDA:35,0,1,0
BRDA:36,1,0,0
BRDA:36,1,1,0
BRDA:38,2,0,0
BRDA:38,2,1,0
BRDA:39,3,0,0
BRDA:39,3,1,0
BRDA:62,4,0,0
BRDA:62,4,1,0
BRDA:62,5,0,0
BRDA:62,5,1,0
BRDA:69,6,0,0
BRDA:82,7,0,0
BRF:14
BRH:0
end_of_record
TN:
SF:components\wireframes\explore\ExploreReportsSection.tsx
FN:9,ExploreReportsSection
FN:26,(anonymous_3)
FNF:2
FNH:0
FNDA:0,ExploreReportsSection
FNDA:0,(anonymous_3)
DA:1,0
DA:9,0
DA:27,0
LF:3
LH:0
BRF:0
BRH:0
end_of_record
TN:
SF:components\wireframes\explore\ReportCard.tsx
FN:9,(anonymous_2)
FN:16,(anonymous_3)
FN:23,ReportCard
FN:57,(anonymous_5)
FNF:4
FNH:0
FNDA:0,(anonymous_2)
FNDA:0,(anonymous_3)
FNDA:0,ReportCard
FNDA:0,(anonymous_5)
DA:1,0
DA:9,0
DA:10,0
DA:11,0
DA:12,0
DA:13,0
DA:16,0
DA:17,0
DA:18,0
DA:19,0
DA:20,0
DA:23,0
DA:57,0
LF:13
LH:0
BRDA:10,0,0,0
BRDA:11,1,0,0
BRDA:12,2,0,0
BRDA:17,3,0,0
BRDA:18,4,0,0
BRDA:19,5,0,0
BRDA:26,6,0,0
BRDA:26,6,1,0
BRDA:27,7,0,0
BRDA:27,7,1,0
BRDA:58,8,0,0
BRDA:58,8,1,0
BRDA:60,9,0,0
BRDA:60,9,1,0
BRF:14
BRH:0
end_of_record
TN:
SF:components\wireframes\explore\data.ts
FNF:0
FNH:0
DA:3,0
LF:1
LH:0
BRF:0
BRH:0
end_of_record
TN:
SF:components\wireframes\explore-detail\DetailCommentsSection.tsx
FN:14,DetailCommentsSection
FN:34,(anonymous_2)
FN:41,(anonymous_3)
FN:56,(anonymous_4)
FN:59,(anonymous_5)
FN:71,(anonymous_6)
FN:86,(anonymous_7)
FNF:7
FNH:0
FNDA:0,DetailCommentsSection
FNDA:0,(anonymous_2)
FNDA:0,(anonymous_3)
FNDA:0,(anonymous_4)
FNDA:0,(anonymous_5)
FNDA:0,(anonymous_6)
FNDA:0,(anonymous_7)
DA:14,0
DA:34,0
DA:41,0
DA:56,0
DA:59,0
DA:72,0
DA:86,0
LF:7
LH:0
BRDA:33,0,0,0
BRDA:33,0,1,0
BRDA:40,1,0,0
BRDA:40,1,1,0
BRF:4
BRH:0
end_of_record
TN:
SF:components\wireframes\explore-detail\DetailNavbar.tsx
FN:9,DetailNavbar
FN:16,(anonymous_3)
FN:24,(anonymous_4)
FNF:3
FNH:0
FNDA:0,DetailNavbar
FNDA:0,(anonymous_3)
FNDA:0,(anonymous_4)
DA:1,0
DA:9,0
DA:16,0
DA:24,0
LF:4
LH:0
BRF:0
BRH:0
end_of_record
TN:
SF:components\wireframes\explore-detail\DetailReportSection.tsx
FN:7,DetailReportSection
FNF:1
FNH:0
FNDA:0,DetailReportSection
DA:7,0
LF:1
LH:0
BRDA:52,0,0,0
BRDA:52,0,1,0
BRDA:53,1,0,0
BRDA:53,1,1,0
BRDA:54,2,0,0
BRDA:54,2,1,0
BRF:6
BRH:0
end_of_record
TN:
SF:components\wireframes\explore-detail\DetailSidebar.tsx
FN:5,DetailSidebar
FNF:1
FNH:0
FNDA:0,DetailSidebar
DA:5,0
LF:1
LH:0
BRF:0
BRH:0
end_of_record
TN:
SF:components\wireframes\explore-detail\ExploreDetailPage.tsx
FN:12,ExploreDetailPage
FN:20,(anonymous_3)
FN:22,(anonymous_4)
FN:27,(anonymous_5)
FN:32,(anonymous_6)
FN:46,(anonymous_7)
FN:47,(anonymous_8)
FN:48,(anonymous_9)
FN:54,(anonymous_10)
FN:57,(anonymous_11)
FN:65,(anonymous_12)
FNF:11
FNH:0
FNDA:0,ExploreDetailPage
FNDA:0,(anonymous_3)
FNDA:0,(anonymous_4)
FNDA:0,(anonymous_5)
FNDA:0,(anonymous_6)
FNDA:0,(anonymous_7)
FNDA:0,(anonymous_8)
FNDA:0,(anonymous_9)
FNDA:0,(anonymous_10)
FNDA:0,(anonymous_11)
FNDA:0,(anonymous_12)
DA:3,0
DA:4,0
DA:5,0
DA:6,0
DA:7,0
DA:8,0
DA:9,0
DA:12,0
DA:13,0
DA:14,0
DA:15,0
DA:16,0
DA:17,0
DA:18,0
DA:20,0
DA:21,0
DA:22,0
DA:24,0
DA:27,0
DA:28,0
DA:29,0
DA:30,0
DA:32,0
DA:43,0
DA:46,0
DA:47,0
DA:48,0
DA:49,0
DA:54,0
DA:55,0
DA:56,0
DA:57,0
DA:66,0
LF:33
LH:0
BRDA:21,0,0,0
BRDA:30,1,0,0
BRDA:49,2,0,0
BRDA:49,2,1,0
BRDA:55,3,0,0
BRF:5
BRH:0
end_of_record
TN:
SF:components\wireframes\explore-detail\data.ts
FNF:0
FNH:0
DA:3,0
LF:1
LH:0
BRF:0
BRH:0
end_of_record
TN:
SF:components\wireframes\landing\LandingPage.tsx
FN:14,LandingPage
FN:23,(anonymous_3)
FN:27,(anonymous_4)
FN:39,(anonymous_5)
FNF:4
FNH:0
FNDA:0,LandingPage
FNDA:0,(anonymous_3)
FNDA:0,(anonymous_4)
FNDA:0,(anonymous_5)
DA:3,0
DA:4,0
DA:5,0
DA:7,0
DA:14,0
DA:15,0
DA:24,0
DA:28,0
DA:40,0
LF:9
LH:0
BRF:0
BRH:0
end_of_record
TN:
SF:components\wireframes\login\LoginBranding.tsx
FN:1,LoginBranding
FNF:1
FNH:0
FNDA:0,LoginBranding
DA:1,0
LF:1
LH:0
BRF:0
BRH:0
end_of_record
TN:
SF:components\wireframes\login\LoginForm.tsx
FN:13,LoginForm
FN:41,(anonymous_3)
FN:53,(anonymous_4)
FNF:3
FNH:0
FNDA:0,LoginForm
FNDA:0,(anonymous_3)
FNDA:0,(anonymous_4)
DA:1,0
DA:13,0
DA:41,0
DA:53,0
LF:4
LH:0
BRDA:28,0,0,0
BRDA:28,0,1,0
BRF:2
BRH:0
end_of_record
TN:
SF:components\wireframes\login\LoginPage.tsx
FN:8,LoginPage
FN:13,(anonymous_3)
FN:22,(anonymous_4)
FNF:3
FNH:0
FNDA:0,LoginPage
FNDA:0,(anonymous_3)
FNDA:0,(anonymous_4)
DA:3,0
DA:4,0
DA:5,0
DA:6,0
DA:8,0
DA:9,0
DA:10,0
DA:11,0
DA:13,0
DA:14,0
DA:16,0
DA:17,0
DA:18,0
DA:21,0
DA:22,0
LF:15
LH:0
BRDA:16,0,0,0
BRDA:16,1,0,0
BRDA:16,1,1,0
BRF:3
BRH:0
end_of_record
TN:
SF:components\wireframes\register\RegisterBenefits.tsx
FN:1,RegisterBenefits
FNF:1
FNH:0
FNDA:0,RegisterBenefits
DA:1,0
LF:1
LH:0
BRF:0
BRH:0
end_of_record
TN:
SF:components\wireframes\register\RegisterForm.tsx
FN:15,RegisterForm
FN:46,(anonymous_3)
FN:62,(anonymous_4)
FN:76,(anonymous_5)
FN:93,(anonymous_6)
FN:114,(anonymous_7)
FN:130,(anonymous_8)
FN:133,(anonymous_9)
FN:159,(anonymous_10)
FN:178,(anonymous_11)
FN:196,(anonymous_12)
FN:209,(anonymous_13)
FNF:12
FNH:0
FNDA:0,RegisterForm
FNDA:0,(anonymous_3)
FNDA:0,(anonymous_4)
FNDA:0,(anonymous_5)
FNDA:0,(anonymous_6)
FNDA:0,(anonymous_7)
FNDA:0,(anonymous_8)
FNDA:0,(anonymous_9)
FNDA:0,(anonymous_10)
FNDA:0,(anonymous_11)
FNDA:0,(anonymous_12)
FNDA:0,(anonymous_13)
DA:1,0
DA:15,0
DA:46,0
DA:62,0
DA:76,0
DA:93,0
DA:114,0
DA:130,0
DA:134,0
DA:159,0
DA:178,0
DA:196,0
DA:209,0
LF:13
LH:0
BRDA:26,0,0,0
BRDA:26,0,1,0
BRDA:136,1,0,0
BRDA:136,1,1,0
BRDA:137,2,0,0
BRDA:137,2,1,0
BRDA:139,3,0,0
BRDA:139,3,1,0
BRDA:164,4,0,0
BRDA:164,4,1,0
BRF:10
BRH:0
end_of_record
TN:
SF:components\wireframes\register\RegisterPage.tsx
FN:23,RegisterPage
FN:27,(anonymous_3)
FN:38,(anonymous_4)
FN:39,(anonymous_5)
FN:42,(anonymous_6)
FN:43,(anonymous_7)
FN:46,(anonymous_8)
FNF:7
FNH:0
FNDA:0,RegisterPage
FNDA:0,(anonymous_3)
FNDA:0,(anonymous_4)
FNDA:0,(anonymous_5)
FNDA:0,(anonymous_6)
FNDA:0,(anonymous_7)
FNDA:0,(anonymous_8)
DA:3,0
DA:4,0
DA:5,0
DA:6,0
DA:7,0
DA:10,0
DA:23,0
DA:24,0
DA:25,0
DA:27,0
DA:28,0
DA:29,0
DA:30,0
DA:31,0
DA:32,0
DA:33,0
DA:36,0
DA:38,0
DA:39,0
DA:42,0
DA:43,0
DA:46,0
DA:47,0
DA:49,0
DA:50,0
DA:53,0
LF:26
LH:0
BRDA:29,0,0,0
BRDA:30,1,0,0
BRDA:30,2,0,0
BRDA:30,2,1,0
BRDA:31,3,0,0
BRDA:32,4,0,0
BRDA:36,5,0,0
BRDA:36,5,1,0
BRDA:49,6,0,0
BRF:9
BRH:0
end_of_record
TN:
SF:components\wireframes\register\RegisterProgressSteps.tsx
FN:1,RegisterProgressSteps
FNF:1
FNH:0
FNDA:0,RegisterProgressSteps
DA:1,0
LF:1
LH:0
BRF:0
BRH:0
end_of_record
TN:
SF:components\wireframes\register-complete\RegisterCompleteForm.tsx
FN:31,RegisterCompleteForm
FN:65,(anonymous_3)
FN:86,(anonymous_4)
FN:105,(anonymous_5)
FN:124,(anonymous_6)
FN:142,(anonymous_7)
FN:167,(anonymous_8)
FN:189,(anonymous_9)
FN:193,(anonymous_10)
FN:228,(anonymous_11)
FN:243,(anonymous_12)
FN:256,(anonymous_13)
FNF:12
FNH:0
FNDA:0,RegisterCompleteForm
FNDA:0,(anonymous_3)
FNDA:0,(anonymous_4)
FNDA:0,(anonymous_5)
FNDA:0,(anonymous_6)
FNDA:0,(anonymous_7)
FNDA:0,(anonymous_8)
FNDA:0,(anonymous_9)
FNDA:0,(anonymous_10)
FNDA:0,(anonymous_11)
FNDA:0,(anonymous_12)
FNDA:0,(anonymous_13)
DA:1,0
DA:31,0
DA:65,0
DA:86,0
DA:105,0
DA:124,0
DA:142,0
DA:167,0
DA:189,0
DA:194,0
DA:228,0
DA:243,0
DA:256,0
LF:13
LH:0
BRDA:43,0,0,0
BRDA:43,0,1,0
BRDA:196,1,0,0
BRDA:196,1,1,0
BRDA:197,2,0,0
BRDA:197,2,1,0
BRDA:197,3,0,0
BRDA:197,3,1,0
BRDA:203,4,0,0
BRDA:203,4,1,0
BRDA:204,5,0,0
BRDA:204,5,1,0
BRDA:206,6,0,0
BRDA:206,6,1,0
BRDA:208,7,0,0
BRDA:208,7,1,0
BRDA:231,8,0,0
BRDA:231,8,1,0
BRF:18
BRH:0
end_of_record
TN:
SF:components\wireframes\register-complete\RegisterCompleteHeader.tsx
FN:1,RegisterCompleteHeader
FNF:1
FNH:0
FNDA:0,RegisterCompleteHeader
DA:1,0
LF:1
LH:0
BRF:0
BRH:0
end_of_record
TN:
SF:components\wireframes\register-complete\RegisterCompletePage.tsx
FN:21,RegisterCompletePage
FN:25,(anonymous_3)
FN:44,(anonymous_4)
FN:48,(anonymous_5)
FN:51,(anonymous_6)
FN:52,(anonymous_7)
FN:55,(anonymous_8)
FNF:7
FNH:0
FNDA:0,RegisterCompletePage
FNDA:0,(anonymous_3)
FNDA:0,(anonymous_4)
FNDA:0,(anonymous_5)
FNDA:0,(anonymous_6)
FNDA:0,(anonymous_7)
FNDA:0,(anonymous_8)
DA:3,0
DA:4,0
DA:5,0
DA:6,0
DA:8,0
DA:21,0
DA:22,0
DA:23,0
DA:25,0
DA:26,0
DA:27,0
DA:28,0
DA:29,0
DA:30,0
DA:31,0
DA:34,0
DA:36,0
DA:44,0
DA:48,0
DA:51,0
DA:52,0
DA:55,0
DA:56,0
DA:57,0
DA:58,0
LF:25
LH:0
BRDA:27,0,0,0
BRDA:28,1,0,0
BRDA:28,2,0,0
BRDA:28,2,1,0
BRDA:29,3,0,0
BRDA:30,4,0,0
BRDA:34,5,0,0
BRDA:34,5,1,0
BRDA:36,6,0,0
BRDA:36,6,1,0
BRDA:36,6,2,0
BRDA:36,6,3,0
BRDA:36,6,4,0
BRDA:36,6,5,0
BRDA:36,6,6,0
BRDA:57,7,0,0
BRF:16
BRH:0
end_of_record
TN:
SF:components\wireframes\register-simple\RegisterSimpleForm.tsx
FN:27,RegisterSimpleForm
FN:64,(anonymous_3)
FN:85,(anonymous_4)
FN:105,(anonymous_5)
FN:125,(anonymous_6)
FN:129,(anonymous_7)
FN:164,(anonymous_8)
FN:182,(anonymous_9)
FNF:8
FNH:0
FNDA:0,RegisterSimpleForm
FNDA:0,(anonymous_3)
FNDA:0,(anonymous_4)
FNDA:0,(anonymous_5)
FNDA:0,(anonymous_6)
FNDA:0,(anonymous_7)
FNDA:0,(anonymous_8)
FNDA:0,(anonymous_9)
DA:1,0
DA:27,0
DA:64,0
DA:85,0
DA:105,0
DA:125,0
DA:130,0
DA:164,0
DA:182,0
LF:9
LH:0
BRDA:44,0,0,0
BRDA:44,0,1,0
BRDA:132,1,0,0
BRDA:132,1,1,0
BRDA:133,2,0,0
BRDA:133,2,1,0
BRDA:133,3,0,0
BRDA:133,3,1,0
BRDA:139,4,0,0
BRDA:139,4,1,0
BRDA:141,5,0,0
BRDA:141,5,1,0
BRDA:143,6,0,0
BRDA:143,6,1,0
BRDA:145,7,0,0
BRDA:145,7,1,0
BRDA:170,8,0,0
BRDA:170,8,1,0
BRF:18
BRH:0
end_of_record
TN:
SF:components\wireframes\register-simple\RegisterSimpleHeader.tsx
FN:1,RegisterSimpleHeader
FNF:1
FNH:0
FNDA:0,RegisterSimpleHeader
DA:1,0
LF:1
LH:0
BRF:0
BRH:0
end_of_record
TN:
SF:components\wireframes\register-simple\RegisterSimplePage.tsx
FN:17,RegisterSimplePage
FN:21,(anonymous_3)
FN:39,(anonymous_4)
FN:43,(anonymous_5)
FN:46,(anonymous_6)
FN:47,(anonymous_7)
FN:50,(anonymous_8)
FNF:7
FNH:0
FNDA:0,RegisterSimplePage
FNDA:0,(anonymous_3)
FNDA:0,(anonymous_4)
FNDA:0,(anonymous_5)
FNDA:0,(anonymous_6)
FNDA:0,(anonymous_7)
FNDA:0,(anonymous_8)
DA:3,0
DA:4,0
DA:5,0
DA:6,0
DA:8,0
DA:17,0
DA:18,0
DA:19,0
DA:21,0
DA:22,0
DA:23,0
DA:24,0
DA:25,0
DA:26,0
DA:27,0
DA:30,0
DA:32,0
DA:39,0
DA:43,0
DA:46,0
DA:47,0
DA:50,0
DA:51,0
DA:52,0
DA:53,0
LF:25
LH:0
BRDA:23,0,0,0
BRDA:24,1,0,0
BRDA:24,2,0,0
BRDA:24,2,1,0
BRDA:25,3,0,0
BRDA:26,4,0,0
BRDA:30,5,0,0
BRDA:30,5,1,0
BRDA:32,6,0,0
BRDA:32,6,1,0
BRDA:32,6,2,0
BRDA:32,6,3,0
BRDA:32,6,4,0
BRDA:32,6,5,0
BRDA:52,7,0,0
BRF:15
BRH:0
end_of_record
TN:
SF:components\wireframes\shared\useArrowMenuNavigation.ts
FN:6,useArrowMenuNavigation
FN:9,(anonymous_2)
FN:15,(anonymous_3)
FN:20,(anonymous_4)
FNF:4
FNH:0
FNDA:0,useArrowMenuNavigation
FNDA:0,(anonymous_2)
FNDA:0,(anonymous_3)
FNDA:0,(anonymous_4)
DA:4,0
DA:6,0
DA:7,0
DA:9,0
DA:10,0
DA:11,0
DA:12,0
DA:15,0
DA:16,0
DA:17,0
DA:20,0
DA:21,0
DA:22,0
DA:25,0
DA:27,0
DA:28,0
DA:29,0
DA:32,0
DA:33,0
DA:34,0
DA:37,0
DA:38,0
DA:39,0
DA:42,0
LF:24
LH:0
BRDA:11,0,0,0
BRDA:16,1,0,0
BRDA:21,2,0,0
BRDA:27,3,0,0
BRDA:32,4,0,0
BRDA:37,5,0,0
BRDA:37,5,1,0
BRF:7
BRH:0
end_of_record
